  [1m[35m (526.8ms)[0m  [1m[35mCREATE DATABASE "codemp_development" ENCODING = 'unicode'[0m
  ↳ bin/rails:9
  [1m[35m (431.9ms)[0m  [1m[35mCREATE DATABASE "codemp_test" ENCODING = 'unicode'[0m
  ↳ bin/rails:9
  [1m[35m (9.0ms)[0m  [1m[35mCREATE TABLE "schema_migrations" ("version" character varying NOT NULL PRIMARY KEY)[0m
  ↳ bin/rails:9
  [1m[35m (44.0ms)[0m  [1m[35mCREATE TABLE "ar_internal_metadata" ("key" character varying NOT NULL PRIMARY KEY, "value" character varying, "created_at" timestamp NOT NULL, "updated_at" timestamp NOT NULL)[0m
  ↳ bin/rails:9
  [1m[35m (1.1ms)[0m  [1m[34mSELECT pg_try_advisory_lock(1363699354842268605)[0m
  ↳ bin/rails:9
  [1m[35m (1.5ms)[0m  [1m[34mSELECT "schema_migrations"."version" FROM "schema_migrations" ORDER BY "schema_migrations"."version" ASC[0m
  ↳ bin/rails:9
Migrating to DeviseCreateUsers (20190722051911)
  [1m[35m (0.3ms)[0m  [1m[35mBEGIN[0m
  ↳ bin/rails:9
  [1m[35m (50.1ms)[0m  [1m[35mCREATE TABLE "users" ("id" bigserial primary key, "email" character varying DEFAULT '' NOT NULL, "encrypted_password" character varying DEFAULT '' NOT NULL, "reset_password_token" character varying, "reset_password_sent_at" timestamp, "remember_created_at" timestamp, "created_at" timestamp NOT NULL, "updated_at" timestamp NOT NULL)[0m
  ↳ db/migrate/20190722051911_devise_create_users.rb:5
  [1m[35m (1.2ms)[0m  [1m[35mCREATE UNIQUE INDEX  "index_users_on_email" ON "users"  ("email")[0m
  ↳ db/migrate/20190722051911_devise_create_users.rb:39
  [1m[35m (1.2ms)[0m  [1m[35mCREATE UNIQUE INDEX  "index_users_on_reset_password_token" ON "users"  ("reset_password_token")[0m
  ↳ db/migrate/20190722051911_devise_create_users.rb:40
  [1m[36mActiveRecord::SchemaMigration Create (0.9ms)[0m  [1m[32mINSERT INTO "schema_migrations" ("version") VALUES ($1) RETURNING "version"[0m  [["version", "20190722051911"]]
  ↳ bin/rails:9
  [1m[35m (0.5ms)[0m  [1m[35mCOMMIT[0m
  ↳ bin/rails:9
  [1m[36mActiveRecord::InternalMetadata Load (1.7ms)[0m  [1m[34mSELECT  "ar_internal_metadata".* FROM "ar_internal_metadata" WHERE "ar_internal_metadata"."key" = $1 LIMIT $2[0m  [["key", "environment"], ["LIMIT", 1]]
  ↳ bin/rails:9
  [1m[35m (0.8ms)[0m  [1m[35mBEGIN[0m
  ↳ bin/rails:9
  [1m[36mActiveRecord::InternalMetadata Create (0.5ms)[0m  [1m[32mINSERT INTO "ar_internal_metadata" ("key", "value", "created_at", "updated_at") VALUES ($1, $2, $3, $4) RETURNING "key"[0m  [["key", "environment"], ["value", "development"], ["created_at", "2019-07-22 05:19:43.299054"], ["updated_at", "2019-07-22 05:19:43.299054"]]
  ↳ bin/rails:9
  [1m[35m (0.4ms)[0m  [1m[35mCOMMIT[0m
  ↳ bin/rails:9
  [1m[35m (0.3ms)[0m  [1m[34mSELECT pg_advisory_unlock(1363699354842268605)[0m
  ↳ bin/rails:9
  [1m[35m (0.3ms)[0m  [1m[34mSELECT "schema_migrations"."version" FROM "schema_migrations" ORDER BY "schema_migrations"."version" ASC[0m
  ↳ bin/rails:9
Started GET "/" for ::1 at 2019-07-22 15:20:04 +1000
  [1m[35m (0.7ms)[0m  [1m[34mSELECT "schema_migrations"."version" FROM "schema_migrations" ORDER BY "schema_migrations"."version" ASC[0m
  ↳ /Users/h/.rbenv/versions/2.6.3/lib/ruby/gems/2.6.0/gems/activerecord-5.2.3/lib/active_record/log_subscriber.rb:98
Processing by Rails::WelcomeController#index as HTML
  Rendering /Users/h/.rbenv/versions/2.6.3/lib/ruby/gems/2.6.0/gems/railties-5.2.3/lib/rails/templates/rails/welcome/index.html.erb
  Rendered /Users/h/.rbenv/versions/2.6.3/lib/ruby/gems/2.6.0/gems/railties-5.2.3/lib/rails/templates/rails/welcome/index.html.erb (8.5ms)
Completed 200 OK in 58ms (Views: 28.9ms | ActiveRecord: 0.0ms)


Started GET "/" for ::1 at 2019-07-23 09:11:59 +1000
  [1m[35m (1.0ms)[0m  [1m[34mSELECT "schema_migrations"."version" FROM "schema_migrations" ORDER BY "schema_migrations"."version" ASC[0m
  ↳ /Users/h/.rbenv/versions/2.6.3/lib/ruby/gems/2.6.0/gems/activerecord-5.2.3/lib/active_record/log_subscriber.rb:98
Processing by AppController#index as HTML
  Rendering app/index.html.erb within layouts/application
  Rendered app/index.html.erb within layouts/application (3.5ms)
Completed 200 OK in 1274ms (Views: 1261.4ms | ActiveRecord: 0.0ms)


  [1m[35m (1.2ms)[0m  [1m[34mSELECT pg_try_advisory_lock(1363699354842268605)[0m
  ↳ bin/rails:9
  [1m[35m (1.0ms)[0m  [1m[34mSELECT "schema_migrations"."version" FROM "schema_migrations" ORDER BY "schema_migrations"."version" ASC[0m
  ↳ bin/rails:9
Migrating to CreateListings (20190723030045)
  [1m[35m (40.9ms)[0m  [1m[35mBEGIN[0m
  ↳ bin/rails:9
  [1m[35m (17.3ms)[0m  [1m[35mCREATE TABLE "listings" ("id" bigserial primary key, "name" character varying, "price" decimal, "body" text, "alive" boolean, "category" character varying, "tag" character varying, "created_at" timestamp NOT NULL, "updated_at" timestamp NOT NULL)[0m
  ↳ db/migrate/20190723030045_create_listings.rb:3
  [1m[36mActiveRecord::SchemaMigration Create (2.4ms)[0m  [1m[32mINSERT INTO "schema_migrations" ("version") VALUES ($1) RETURNING "version"[0m  [["version", "20190723030045"]]
  ↳ bin/rails:9
  [1m[35m (3.0ms)[0m  [1m[35mCOMMIT[0m
  ↳ bin/rails:9
  [1m[36mActiveRecord::InternalMetadata Load (1.6ms)[0m  [1m[34mSELECT  "ar_internal_metadata".* FROM "ar_internal_metadata" WHERE "ar_internal_metadata"."key" = $1 LIMIT $2[0m  [["key", "environment"], ["LIMIT", 1]]
  ↳ bin/rails:9
  [1m[35m (0.3ms)[0m  [1m[35mBEGIN[0m
  ↳ bin/rails:9
  [1m[35m (0.2ms)[0m  [1m[35mCOMMIT[0m
  ↳ bin/rails:9
  [1m[35m (0.3ms)[0m  [1m[34mSELECT pg_advisory_unlock(1363699354842268605)[0m
  ↳ bin/rails:9
  [1m[35m (0.3ms)[0m  [1m[34mSELECT "schema_migrations"."version" FROM "schema_migrations" ORDER BY "schema_migrations"."version" ASC[0m
  ↳ bin/rails:9
  [1m[35m (40.9ms)[0m  [1m[34mSELECT "schema_migrations"."version" FROM "schema_migrations" ORDER BY "schema_migrations"."version" ASC[0m
  ↳ bin/rails:9
  [1m[35m (0.3ms)[0m  [1m[35mBEGIN[0m
  ↳ db/seeds.rb:10
  [1m[36mListing Create (44.9ms)[0m  [1m[32mINSERT INTO "listings" ("name", "price", "body", "alive", "category", "tag", "created_at", "updated_at") VALUES ($1, $2, $3, $4, $5, $6, $7, $8) RETURNING "id"[0m  [["name", "Test"], ["price", "299.99"], ["body", "Bunch of info about this project"], ["alive", true], ["category", "website"], ["tag", "saas"], ["created_at", "2001-04-07 00:00:00"], ["updated_at", "2019-07-23 03:13:12.598597"]]
  ↳ db/seeds.rb:10
  [1m[35m (0.6ms)[0m  [1m[35mCOMMIT[0m
  ↳ db/seeds.rb:10
  [1m[35m (0.6ms)[0m  [1m[34mSELECT "schema_migrations"."version" FROM "schema_migrations" ORDER BY "schema_migrations"."version" ASC[0m
  ↳ bin/rails:9
  [1m[36mListing Load (0.6ms)[0m  [1m[34mSELECT "listings".* FROM "listings"[0m
  ↳ db/seeds.rb:9
  [1m[35m (0.3ms)[0m  [1m[35mBEGIN[0m
  ↳ db/seeds.rb:9
  [1m[36mListing Destroy (41.6ms)[0m  [1m[31mDELETE FROM "listings" WHERE "listings"."id" = $1[0m  [["id", 1]]
  ↳ db/seeds.rb:9
  [1m[35m (0.7ms)[0m  [1m[35mCOMMIT[0m
  ↳ db/seeds.rb:9
  [1m[35m (0.3ms)[0m  [1m[35mBEGIN[0m
  ↳ db/seeds.rb:12
  [1m[36mListing Create (0.5ms)[0m  [1m[32mINSERT INTO "listings" ("name", "price", "body", "alive", "category", "tag", "created_at", "updated_at") VALUES ($1, $2, $3, $4, $5, $6, $7, $8) RETURNING "id"[0m  [["name", "Test"], ["price", "299.99"], ["body", "Bunch of info about this project"], ["alive", true], ["category", "website"], ["tag", "saas"], ["created_at", "2001-04-07 00:00:00"], ["updated_at", "2019-07-23 03:13:52.743995"]]
  ↳ db/seeds.rb:12
  [1m[35m (0.3ms)[0m  [1m[35mCOMMIT[0m
  ↳ db/seeds.rb:12
  [1m[35m (0.2ms)[0m  [1m[35mBEGIN[0m
  ↳ db/seeds.rb:13
  [1m[36mListing Create (0.4ms)[0m  [1m[32mINSERT INTO "listings" ("name", "price", "body", "alive", "category", "tag", "created_at", "updated_at") VALUES ($1, $2, $3, $4, $5, $6, $7, $8) RETURNING "id"[0m  [["name", "Test2"], ["price", "299.99"], ["body", "Bunch of info about this project"], ["alive", true], ["category", "website"], ["tag", "saas"], ["created_at", "2001-04-07 00:00:00"], ["updated_at", "2019-07-23 03:13:52.747207"]]
  ↳ db/seeds.rb:13
  [1m[35m (0.4ms)[0m  [1m[35mCOMMIT[0m
  ↳ db/seeds.rb:13
  [1m[35m (0.2ms)[0m  [1m[35mBEGIN[0m
  ↳ db/seeds.rb:14
  [1m[36mListing Create (0.5ms)[0m  [1m[32mINSERT INTO "listings" ("name", "price", "body", "alive", "category", "tag", "created_at", "updated_at") VALUES ($1, $2, $3, $4, $5, $6, $7, $8) RETURNING "id"[0m  [["name", "Test3"], ["price", "299.99"], ["body", "Bunch of info about this project"], ["alive", true], ["category", "website"], ["tag", "saas"], ["created_at", "2001-04-07 00:00:00"], ["updated_at", "2019-07-23 03:13:52.749930"]]
  ↳ db/seeds.rb:14
  [1m[35m (0.4ms)[0m  [1m[35mCOMMIT[0m
  ↳ db/seeds.rb:14
  [1m[35m (0.2ms)[0m  [1m[35mBEGIN[0m
  ↳ db/seeds.rb:15
  [1m[36mListing Create (0.4ms)[0m  [1m[32mINSERT INTO "listings" ("name", "price", "body", "alive", "category", "tag", "created_at", "updated_at") VALUES ($1, $2, $3, $4, $5, $6, $7, $8) RETURNING "id"[0m  [["name", "Test4"], ["price", "299.99"], ["body", "Bunch of info about this project"], ["alive", true], ["category", "website"], ["tag", "saas"], ["created_at", "2001-04-07 00:00:00"], ["updated_at", "2019-07-23 03:13:52.752408"]]
  ↳ db/seeds.rb:15
  [1m[35m (0.4ms)[0m  [1m[35mCOMMIT[0m
  ↳ db/seeds.rb:15
  [1m[35m (0.2ms)[0m  [1m[35mBEGIN[0m
  ↳ db/seeds.rb:16
  [1m[36mListing Create (0.3ms)[0m  [1m[32mINSERT INTO "listings" ("name", "price", "body", "alive", "category", "tag", "created_at", "updated_at") VALUES ($1, $2, $3, $4, $5, $6, $7, $8) RETURNING "id"[0m  [["name", "Test5"], ["price", "299.99"], ["body", "Bunch of info about this project"], ["alive", true], ["category", "website"], ["tag", "saas"], ["created_at", "2001-04-07 00:00:00"], ["updated_at", "2019-07-23 03:13:52.754662"]]
  ↳ db/seeds.rb:16
  [1m[35m (0.4ms)[0m  [1m[35mCOMMIT[0m
  ↳ db/seeds.rb:16
  [1m[35m (0.2ms)[0m  [1m[35mBEGIN[0m
  ↳ db/seeds.rb:17
  [1m[36mListing Create (0.3ms)[0m  [1m[32mINSERT INTO "listings" ("name", "price", "body", "alive", "category", "tag", "created_at", "updated_at") VALUES ($1, $2, $3, $4, $5, $6, $7, $8) RETURNING "id"[0m  [["name", "Test6"], ["price", "299.99"], ["body", "Bunch of info about this project"], ["alive", true], ["category", "website"], ["tag", "saas"], ["created_at", "2001-04-07 00:00:00"], ["updated_at", "2019-07-23 03:13:52.756803"]]
  ↳ db/seeds.rb:17
  [1m[35m (0.4ms)[0m  [1m[35mCOMMIT[0m
  ↳ db/seeds.rb:17
Started GET "/" for ::1 at 2019-07-23 13:15:41 +1000
  [1m[35m (3.0ms)[0m  [1m[34mSELECT "schema_migrations"."version" FROM "schema_migrations" ORDER BY "schema_migrations"."version" ASC[0m
  ↳ /Users/h/.rbenv/versions/2.6.3/lib/ruby/gems/2.6.0/gems/activerecord-5.2.3/lib/active_record/log_subscriber.rb:98
Processing by AppController#index as HTML
  [1m[36mListing Load (1.4ms)[0m  [1m[34mSELECT  "listings".* FROM "listings" ORDER BY "listings"."id" DESC LIMIT $1[0m  [["LIMIT", 6]]
  ↳ app/controllers/app_controller.rb:3
  Rendering app/index.html.erb within layouts/application
  Rendered app/index.html.erb within layouts/application (4.9ms)
Completed 200 OK in 412ms (Views: 358.5ms | ActiveRecord: 6.2ms)


Started GET "/" for ::1 at 2019-07-23 13:17:00 +1000
Processing by AppController#index as HTML
  [1m[36mListing Load (0.8ms)[0m  [1m[34mSELECT  "listings".* FROM "listings" ORDER BY "listings"."id" DESC LIMIT $1[0m  [["LIMIT", 6]]
  ↳ app/controllers/app_controller.rb:3
  Rendering app/index.html.erb within layouts/application
  Rendered app/index.html.erb within layouts/application (0.5ms)
Completed 200 OK in 79ms (Views: 71.9ms | ActiveRecord: 1.2ms)


Started GET "/" for ::1 at 2019-07-23 13:19:34 +1000
Processing by AppController#index as HTML
  [1m[36mListing Load (0.4ms)[0m  [1m[34mSELECT  "listings".* FROM "listings" ORDER BY "listings"."id" DESC LIMIT $1[0m  [["LIMIT", 6]]
  ↳ app/controllers/app_controller.rb:3
  Rendering app/index.html.erb within layouts/application
  Rendered app/index.html.erb within layouts/application (2.4ms)
Completed 200 OK in 41ms (Views: 38.5ms | ActiveRecord: 0.4ms)


Started GET "/" for ::1 at 2019-07-23 13:20:13 +1000
Processing by AppController#index as HTML
  [1m[36mListing Load (1.0ms)[0m  [1m[34mSELECT  "listings".* FROM "listings" ORDER BY "listings"."id" DESC LIMIT $1[0m  [["LIMIT", 6]]
  ↳ app/controllers/app_controller.rb:3
  Rendering app/index.html.erb within layouts/application
  Rendered app/index.html.erb within layouts/application (1.7ms)
Completed 200 OK in 27ms (Views: 23.7ms | ActiveRecord: 1.0ms)


  [1m[35m (0.7ms)[0m  [1m[34mSELECT "schema_migrations"."version" FROM "schema_migrations" ORDER BY "schema_migrations"."version" ASC[0m
  ↳ bin/rails:9
  [1m[36mListing Load (1.2ms)[0m  [1m[34mSELECT "listings".* FROM "listings"[0m
  ↳ db/seeds.rb:9
  [1m[35m (0.3ms)[0m  [1m[35mBEGIN[0m
  ↳ db/seeds.rb:9
  [1m[36mListing Destroy (0.5ms)[0m  [1m[31mDELETE FROM "listings" WHERE "listings"."id" = $1[0m  [["id", 2]]
  ↳ db/seeds.rb:9
  [1m[35m (25.0ms)[0m  [1m[35mCOMMIT[0m
  ↳ db/seeds.rb:9
  [1m[35m (0.3ms)[0m  [1m[35mBEGIN[0m
  ↳ db/seeds.rb:9
  [1m[36mListing Destroy (0.6ms)[0m  [1m[31mDELETE FROM "listings" WHERE "listings"."id" = $1[0m  [["id", 3]]
  ↳ db/seeds.rb:9
  [1m[35m (0.5ms)[0m  [1m[35mCOMMIT[0m
  ↳ db/seeds.rb:9
  [1m[35m (0.3ms)[0m  [1m[35mBEGIN[0m
  ↳ db/seeds.rb:9
  [1m[36mListing Destroy (0.4ms)[0m  [1m[31mDELETE FROM "listings" WHERE "listings"."id" = $1[0m  [["id", 4]]
  ↳ db/seeds.rb:9
  [1m[35m (0.4ms)[0m  [1m[35mCOMMIT[0m
  ↳ db/seeds.rb:9
  [1m[35m (0.2ms)[0m  [1m[35mBEGIN[0m
  ↳ db/seeds.rb:9
  [1m[36mListing Destroy (0.4ms)[0m  [1m[31mDELETE FROM "listings" WHERE "listings"."id" = $1[0m  [["id", 5]]
  ↳ db/seeds.rb:9
  [1m[35m (0.4ms)[0m  [1m[35mCOMMIT[0m
  ↳ db/seeds.rb:9
  [1m[35m (0.2ms)[0m  [1m[35mBEGIN[0m
  ↳ db/seeds.rb:9
  [1m[36mListing Destroy (0.3ms)[0m  [1m[31mDELETE FROM "listings" WHERE "listings"."id" = $1[0m  [["id", 6]]
  ↳ db/seeds.rb:9
  [1m[35m (0.4ms)[0m  [1m[35mCOMMIT[0m
  ↳ db/seeds.rb:9
  [1m[35m (0.2ms)[0m  [1m[35mBEGIN[0m
  ↳ db/seeds.rb:9
  [1m[36mListing Destroy (0.3ms)[0m  [1m[31mDELETE FROM "listings" WHERE "listings"."id" = $1[0m  [["id", 7]]
  ↳ db/seeds.rb:9
  [1m[35m (0.4ms)[0m  [1m[35mCOMMIT[0m
  ↳ db/seeds.rb:9
  [1m[35m (0.2ms)[0m  [1m[35mBEGIN[0m
  ↳ db/seeds.rb:12
  [1m[36mListing Create (0.5ms)[0m  [1m[32mINSERT INTO "listings" ("name", "price", "body", "alive", "category", "tag", "created_at", "updated_at") VALUES ($1, $2, $3, $4, $5, $6, $7, $8) RETURNING "id"[0m  [["name", "Test"], ["price", "299.99"], ["body", "Bunch of info about this project"], ["alive", false], ["category", "website"], ["tag", "saas"], ["created_at", "2001-04-07 00:00:00"], ["updated_at", "2019-07-23 03:20:54.338553"]]
  ↳ db/seeds.rb:12
  [1m[35m (0.4ms)[0m  [1m[35mCOMMIT[0m
  ↳ db/seeds.rb:12
  [1m[35m (0.2ms)[0m  [1m[35mBEGIN[0m
  ↳ db/seeds.rb:13
  [1m[36mListing Create (0.4ms)[0m  [1m[32mINSERT INTO "listings" ("name", "price", "body", "alive", "category", "tag", "created_at", "updated_at") VALUES ($1, $2, $3, $4, $5, $6, $7, $8) RETURNING "id"[0m  [["name", "Test2"], ["price", "299.99"], ["body", "Bunch of info about this project"], ["alive", true], ["category", "website"], ["tag", "saas"], ["created_at", "2001-04-07 00:00:00"], ["updated_at", "2019-07-23 03:20:54.341532"]]
  ↳ db/seeds.rb:13
  [1m[35m (0.4ms)[0m  [1m[35mCOMMIT[0m
  ↳ db/seeds.rb:13
  [1m[35m (0.1ms)[0m  [1m[35mBEGIN[0m
  ↳ db/seeds.rb:14
  [1m[36mListing Create (0.4ms)[0m  [1m[32mINSERT INTO "listings" ("name", "price", "body", "alive", "category", "tag", "created_at", "updated_at") VALUES ($1, $2, $3, $4, $5, $6, $7, $8) RETURNING "id"[0m  [["name", "Test3"], ["price", "299.99"], ["body", "Bunch of info about this project"], ["alive", true], ["category", "website"], ["tag", "saas"], ["created_at", "2001-04-07 00:00:00"], ["updated_at", "2019-07-23 03:20:54.343764"]]
  ↳ db/seeds.rb:14
  [1m[35m (0.4ms)[0m  [1m[35mCOMMIT[0m
  ↳ db/seeds.rb:14
  [1m[35m (0.2ms)[0m  [1m[35mBEGIN[0m
  ↳ db/seeds.rb:15
  [1m[36mListing Create (0.6ms)[0m  [1m[32mINSERT INTO "listings" ("name", "price", "body", "alive", "category", "tag", "created_at", "updated_at") VALUES ($1, $2, $3, $4, $5, $6, $7, $8) RETURNING "id"[0m  [["name", "Test4"], ["price", "299.99"], ["body", "Bunch of info about this project"], ["alive", true], ["category", "website"], ["tag", "saas"], ["created_at", "2001-04-07 00:00:00"], ["updated_at", "2019-07-23 03:20:54.346204"]]
  ↳ db/seeds.rb:15
  [1m[35m (0.4ms)[0m  [1m[35mCOMMIT[0m
  ↳ db/seeds.rb:15
  [1m[35m (0.2ms)[0m  [1m[35mBEGIN[0m
  ↳ db/seeds.rb:16
  [1m[36mListing Create (0.3ms)[0m  [1m[32mINSERT INTO "listings" ("name", "price", "body", "alive", "category", "tag", "created_at", "updated_at") VALUES ($1, $2, $3, $4, $5, $6, $7, $8) RETURNING "id"[0m  [["name", "Test5"], ["price", "299.99"], ["body", "Bunch of info about this project"], ["alive", false], ["category", "website"], ["tag", "saas"], ["created_at", "2001-04-07 00:00:00"], ["updated_at", "2019-07-23 03:20:54.349053"]]
  ↳ db/seeds.rb:16
  [1m[35m (0.4ms)[0m  [1m[35mCOMMIT[0m
  ↳ db/seeds.rb:16
  [1m[35m (0.1ms)[0m  [1m[35mBEGIN[0m
  ↳ db/seeds.rb:17
  [1m[36mListing Create (0.3ms)[0m  [1m[32mINSERT INTO "listings" ("name", "price", "body", "alive", "category", "tag", "created_at", "updated_at") VALUES ($1, $2, $3, $4, $5, $6, $7, $8) RETURNING "id"[0m  [["name", "Test6"], ["price", "299.99"], ["body", "Bunch of info about this project"], ["alive", true], ["category", "website"], ["tag", "saas"], ["created_at", "2001-04-07 00:00:00"], ["updated_at", "2019-07-23 03:20:54.351142"]]
  ↳ db/seeds.rb:17
  [1m[35m (0.4ms)[0m  [1m[35mCOMMIT[0m
  ↳ db/seeds.rb:17
Started GET "/" for ::1 at 2019-07-23 13:20:57 +1000
Processing by AppController#index as HTML
  [1m[36mListing Load (0.5ms)[0m  [1m[34mSELECT  "listings".* FROM "listings" ORDER BY "listings"."id" DESC LIMIT $1[0m  [["LIMIT", 6]]
  ↳ app/controllers/app_controller.rb:3
  Rendering app/index.html.erb within layouts/application
  Rendered app/index.html.erb within layouts/application (1.3ms)
Completed 200 OK in 39ms (Views: 36.4ms | ActiveRecord: 0.5ms)


Started GET "/" for ::1 at 2019-07-23 13:23:32 +1000
Processing by AppController#index as HTML
  [1m[36mListing Load (0.5ms)[0m  [1m[34mSELECT  "listings".* FROM "listings" ORDER BY "listings"."id" DESC LIMIT $1[0m  [["LIMIT", 6]]
  ↳ app/controllers/app_controller.rb:3
  Rendering app/index.html.erb within layouts/application
  Rendered app/index.html.erb within layouts/application (0.7ms)
Completed 500 Internal Server Error in 5ms (ActiveRecord: 0.5ms)


  
SyntaxError (/Users/h/projects/2side-mp/app/views/app/index.html.erb:6: syntax error, unexpected tLABEL, expecting '='
..._buffer.append=( i.name, class: "listing-name" );@output_buf...
...                         ^~~~~~
/Users/h/projects/2side-mp/app/views/app/index.html.erb:7: syntax error, unexpected tLABEL, expecting '='
..._buffer.append=( i.body, class: "listing-body" );@output_buf...
...                         ^~~~~~
/Users/h/projects/2side-mp/app/views/app/index.html.erb:8: syntax error, unexpected tLABEL, expecting '='
...buffer.append=( i.price, class: "listing-price" );@output_bu...
...                         ^~~~~~
/Users/h/projects/2side-mp/app/views/app/index.html.erb:9: syntax error, unexpected tLABEL, expecting '='
...fer.append=( i.category, class: "listing-category" );@output...
...                         ^~~~~~
/Users/h/projects/2side-mp/app/views/app/index.html.erb:10: syntax error, unexpected tLABEL, expecting '='
...t_buffer.append=( i.tag, class: "listing-tag" );@output_buff...
...                         ^~~~~~
/Users/h/projects/2side-mp/app/views/app/index.html.erb:11: syntax error, unexpected tLABEL, expecting '='
...r.append=( i.created_at, class: "listing-date" );@output_buf...
...                         ^~~~~~
/Users/h/projects/2side-mp/app/views/app/index.html.erb:12: syntax error, unexpected tLABEL, expecting '='
...buffer.append=( i.alive, class: "listing-active" );@output_b...
...                         ^~~~~~):
  
app/views/app/index.html.erb:6: syntax error, unexpected tLABEL, expecting '='
app/views/app/index.html.erb:7: syntax error, unexpected tLABEL, expecting '='
app/views/app/index.html.erb:8: syntax error, unexpected tLABEL, expecting '='
app/views/app/index.html.erb:9: syntax error, unexpected tLABEL, expecting '='
app/views/app/index.html.erb:10: syntax error, unexpected tLABEL, expecting '='
app/views/app/index.html.erb:11: syntax error, unexpected tLABEL, expecting '='
app/views/app/index.html.erb:12: syntax error, unexpected tLABEL, expecting '='
Started GET "/" for ::1 at 2019-07-23 13:27:00 +1000
Processing by AppController#index as HTML
  [1m[36mListing Load (0.7ms)[0m  [1m[34mSELECT  "listings".* FROM "listings" ORDER BY "listings"."id" DESC LIMIT $1[0m  [["LIMIT", 6]]
  ↳ app/controllers/app_controller.rb:3
  Rendering app/index.html.erb within layouts/application
  Rendered app/index.html.erb within layouts/application (1.6ms)
Completed 200 OK in 43ms (Views: 38.8ms | ActiveRecord: 0.7ms)


Started GET "/" for ::1 at 2019-07-23 13:28:03 +1000
Processing by AppController#index as HTML
  [1m[36mListing Load (1.6ms)[0m  [1m[34mSELECT  "listings".* FROM "listings" ORDER BY "listings"."id" DESC LIMIT $1[0m  [["LIMIT", 6]]
  ↳ app/controllers/app_controller.rb:3
  Rendering app/index.html.erb within layouts/application
  Rendered app/index.html.erb within layouts/application (1.5ms)
Completed 200 OK in 48ms (Views: 41.8ms | ActiveRecord: 1.6ms)


Started GET "/" for 127.0.0.1 at 2019-07-23 13:48:09 +1000
  [1m[35m (1.1ms)[0m  [1m[34mSELECT "schema_migrations"."version" FROM "schema_migrations" ORDER BY "schema_migrations"."version" ASC[0m
  ↳ /Users/h/.rbenv/versions/2.6.3/lib/ruby/gems/2.6.0/gems/activerecord-5.2.3/lib/active_record/log_subscriber.rb:98
Processing by AppController#index as HTML
  [1m[36mListing Load (0.5ms)[0m  [1m[34mSELECT  "listings".* FROM "listings" ORDER BY "listings"."id" DESC LIMIT $1[0m  [["LIMIT", 6]]
  ↳ app/controllers/app_controller.rb:3
  Rendering app/index.html.erb within layouts/application
  Rendered app/index.html.erb within layouts/application (5.1ms)
Completed 200 OK in 395ms (Views: 302.8ms | ActiveRecord: 48.2ms)


Started GET "/" for 127.0.0.1 at 2019-07-23 13:57:44 +1000
Processing by AppController#index as HTML
  [1m[36mListing Load (1.4ms)[0m  [1m[34mSELECT  "listings".* FROM "listings" ORDER BY "listings"."id" DESC LIMIT $1[0m  [["LIMIT", 6]]
  ↳ app/controllers/app_controller.rb:3
  Rendering app/index.html.erb within layouts/application
  Rendered app/index.html.erb within layouts/application (5.2ms)
Completed 200 OK in 473ms (Views: 451.8ms | ActiveRecord: 3.0ms)


Started GET "/" for 127.0.0.1 at 2019-07-23 13:58:51 +1000
Processing by AppController#index as HTML
  [1m[36mListing Load (3.3ms)[0m  [1m[34mSELECT  "listings".* FROM "listings" ORDER BY "listings"."id" DESC LIMIT $1[0m  [["LIMIT", 6]]
  ↳ app/controllers/app_controller.rb:3
  Rendering app/index.html.erb within layouts/application
  Rendered app/index.html.erb within layouts/application (3.1ms)
  Rendered shared/_nav.html.erb (5.4ms)
Completed 200 OK in 41ms (Views: 32.8ms | ActiveRecord: 3.7ms)


  [1m[35m (0.4ms)[0m  [1m[34mSELECT pg_try_advisory_lock(1363699354842268605)[0m
  ↳ bin/rails:9
  [1m[35m (0.7ms)[0m  [1m[34mSELECT "schema_migrations"."version" FROM "schema_migrations" ORDER BY "schema_migrations"."version" ASC[0m
  ↳ bin/rails:9
Migrating to AddUsernameToUsers (20190723040224)
  [1m[35m (0.3ms)[0m  [1m[35mBEGIN[0m
  ↳ bin/rails:9
  [1m[35m (45.4ms)[0m  [1m[35mALTER TABLE "users" ADD "username" character varying[0m
  ↳ db/migrate/20190723040224_add_username_to_users.rb:3
  [1m[36mActiveRecord::SchemaMigration Create (1.0ms)[0m  [1m[32mINSERT INTO "schema_migrations" ("version") VALUES ($1) RETURNING "version"[0m  [["version", "20190723040224"]]
  ↳ bin/rails:9
  [1m[35m (1.0ms)[0m  [1m[35mCOMMIT[0m
  ↳ bin/rails:9
  [1m[36mActiveRecord::InternalMetadata Load (27.2ms)[0m  [1m[34mSELECT  "ar_internal_metadata".* FROM "ar_internal_metadata" WHERE "ar_internal_metadata"."key" = $1 LIMIT $2[0m  [["key", "environment"], ["LIMIT", 1]]
  ↳ bin/rails:9
  [1m[35m (0.3ms)[0m  [1m[35mBEGIN[0m
  ↳ bin/rails:9
  [1m[35m (0.2ms)[0m  [1m[35mCOMMIT[0m
  ↳ bin/rails:9
  [1m[35m (0.5ms)[0m  [1m[34mSELECT pg_advisory_unlock(1363699354842268605)[0m
  ↳ bin/rails:9
  [1m[35m (0.3ms)[0m  [1m[34mSELECT "schema_migrations"."version" FROM "schema_migrations" ORDER BY "schema_migrations"."version" ASC[0m
  ↳ bin/rails:9
Started GET "/" for 127.0.0.1 at 2019-07-23 14:04:18 +1000
  [1m[35m (0.9ms)[0m  [1m[34mSELECT "schema_migrations"."version" FROM "schema_migrations" ORDER BY "schema_migrations"."version" ASC[0m
  ↳ /Users/h/.rbenv/versions/2.6.3/lib/ruby/gems/2.6.0/gems/activerecord-5.2.3/lib/active_record/log_subscriber.rb:98
Processing by AppController#index as HTML
  [1m[36mListing Load (1.5ms)[0m  [1m[34mSELECT  "listings".* FROM "listings" ORDER BY "listings"."id" DESC LIMIT $1[0m  [["LIMIT", 6]]
  ↳ app/controllers/app_controller.rb:3
  Rendering app/index.html.erb within layouts/application
  Rendered app/index.html.erb within layouts/application (2.4ms)
  Rendered shared/_nav.html.erb (0.7ms)
Completed 200 OK in 69ms (Views: 22.1ms | ActiveRecord: 9.4ms)


Started GET "/users/sign_up" for 127.0.0.1 at 2019-07-23 14:04:19 +1000
Processing by Devise::RegistrationsController#new as HTML
  Rendering devise/registrations/new.html.erb within layouts/application
  Rendered devise/shared/_error_messages.html.erb (0.5ms)
  Rendered devise/shared/_links.html.erb (1.6ms)
  Rendered devise/registrations/new.html.erb within layouts/application (62.1ms)
  Rendered shared/_nav.html.erb (1.0ms)
Completed 200 OK in 108ms (Views: 82.1ms | ActiveRecord: 9.0ms)


Started POST "/users" for 127.0.0.1 at 2019-07-23 14:04:23 +1000
Processing by Devise::RegistrationsController#create as HTML
  Parameters: {"utf8"=>"✓", "authenticity_token"=>"KABdOXOYI+j94NI6mITCYN4z3qIlvPvGBqj0ovEFqE57NUTiQActwzNP8l5QVKRaaOKMIJJf56rrBcI9JKhlJg==", "user"=>{"username"=>"dsa", "email"=>"", "password"=>"[FILTERED]", "password_confirmation"=>"[FILTERED]"}, "commit"=>"Sign up"}
  [1m[35m (0.3ms)[0m  [1m[35mBEGIN[0m
  ↳ /Users/h/.rbenv/versions/2.6.3/lib/ruby/gems/2.6.0/gems/activerecord-5.2.3/lib/active_record/log_subscriber.rb:98
  [1m[35m (40.7ms)[0m  [1m[31mROLLBACK[0m
  ↳ /Users/h/.rbenv/versions/2.6.3/lib/ruby/gems/2.6.0/gems/activerecord-5.2.3/lib/active_record/log_subscriber.rb:98
  Rendering devise/registrations/new.html.erb within layouts/application
  Rendered devise/shared/_error_messages.html.erb (1.4ms)
  Rendered devise/shared/_links.html.erb (1.0ms)
  Rendered devise/registrations/new.html.erb within layouts/application (6.6ms)
  Rendered shared/_nav.html.erb (1.2ms)
Completed 200 OK in 98ms (Views: 44.9ms | ActiveRecord: 41.0ms)


Started GET "/users" for 127.0.0.1 at 2019-07-23 14:06:12 +1000
  
ActionController::RoutingError (No route matches [GET] "/users"):
  
actionpack (5.2.3) lib/action_dispatch/middleware/debug_exceptions.rb:65:in `call'
web-console (3.7.0) lib/web_console/middleware.rb:135:in `call_app'
web-console (3.7.0) lib/web_console/middleware.rb:30:in `block in call'
web-console (3.7.0) lib/web_console/middleware.rb:20:in `catch'
web-console (3.7.0) lib/web_console/middleware.rb:20:in `call'
actionpack (5.2.3) lib/action_dispatch/middleware/show_exceptions.rb:33:in `call'
railties (5.2.3) lib/rails/rack/logger.rb:38:in `call_app'
railties (5.2.3) lib/rails/rack/logger.rb:26:in `block in call'
activesupport (5.2.3) lib/active_support/tagged_logging.rb:71:in `block in tagged'
activesupport (5.2.3) lib/active_support/tagged_logging.rb:28:in `tagged'
activesupport (5.2.3) lib/active_support/tagged_logging.rb:71:in `tagged'
railties (5.2.3) lib/rails/rack/logger.rb:26:in `call'
sprockets-rails (3.2.1) lib/sprockets/rails/quiet_assets.rb:13:in `call'
actionpack (5.2.3) lib/action_dispatch/middleware/remote_ip.rb:81:in `call'
actionpack (5.2.3) lib/action_dispatch/middleware/request_id.rb:27:in `call'
rack (2.0.7) lib/rack/method_override.rb:22:in `call'
rack (2.0.7) lib/rack/runtime.rb:22:in `call'
activesupport (5.2.3) lib/active_support/cache/strategy/local_cache_middleware.rb:29:in `call'
actionpack (5.2.3) lib/action_dispatch/middleware/executor.rb:14:in `call'
actionpack (5.2.3) lib/action_dispatch/middleware/static.rb:127:in `call'
rack (2.0.7) lib/rack/sendfile.rb:111:in `call'
railties (5.2.3) lib/rails/engine.rb:524:in `call'
puma (3.12.1) lib/puma/configuration.rb:227:in `call'
puma (3.12.1) lib/puma/server.rb:660:in `handle_request'
puma (3.12.1) lib/puma/server.rb:474:in `process_client'
puma (3.12.1) lib/puma/server.rb:334:in `block in run'
puma (3.12.1) lib/puma/thread_pool.rb:135:in `block in spawn_thread'
Started GET "/users" for 127.0.0.1 at 2019-07-23 14:06:22 +1000
  
ActionController::RoutingError (No route matches [GET] "/users"):
  
actionpack (5.2.3) lib/action_dispatch/middleware/debug_exceptions.rb:65:in `call'
web-console (3.7.0) lib/web_console/middleware.rb:135:in `call_app'
web-console (3.7.0) lib/web_console/middleware.rb:30:in `block in call'
web-console (3.7.0) lib/web_console/middleware.rb:20:in `catch'
web-console (3.7.0) lib/web_console/middleware.rb:20:in `call'
actionpack (5.2.3) lib/action_dispatch/middleware/show_exceptions.rb:33:in `call'
railties (5.2.3) lib/rails/rack/logger.rb:38:in `call_app'
railties (5.2.3) lib/rails/rack/logger.rb:26:in `block in call'
activesupport (5.2.3) lib/active_support/tagged_logging.rb:71:in `block in tagged'
activesupport (5.2.3) lib/active_support/tagged_logging.rb:28:in `tagged'
activesupport (5.2.3) lib/active_support/tagged_logging.rb:71:in `tagged'
railties (5.2.3) lib/rails/rack/logger.rb:26:in `call'
sprockets-rails (3.2.1) lib/sprockets/rails/quiet_assets.rb:13:in `call'
actionpack (5.2.3) lib/action_dispatch/middleware/remote_ip.rb:81:in `call'
actionpack (5.2.3) lib/action_dispatch/middleware/request_id.rb:27:in `call'
rack (2.0.7) lib/rack/method_override.rb:22:in `call'
rack (2.0.7) lib/rack/runtime.rb:22:in `call'
activesupport (5.2.3) lib/active_support/cache/strategy/local_cache_middleware.rb:29:in `call'
actionpack (5.2.3) lib/action_dispatch/middleware/executor.rb:14:in `call'
actionpack (5.2.3) lib/action_dispatch/middleware/static.rb:127:in `call'
rack (2.0.7) lib/rack/sendfile.rb:111:in `call'
railties (5.2.3) lib/rails/engine.rb:524:in `call'
puma (3.12.1) lib/puma/configuration.rb:227:in `call'
puma (3.12.1) lib/puma/server.rb:660:in `handle_request'
puma (3.12.1) lib/puma/server.rb:474:in `process_client'
puma (3.12.1) lib/puma/server.rb:334:in `block in run'
puma (3.12.1) lib/puma/thread_pool.rb:135:in `block in spawn_thread'
Started GET "/users" for 127.0.0.1 at 2019-07-23 14:07:00 +1000
  
ActionController::RoutingError (No route matches [GET] "/users"):
  
actionpack (5.2.3) lib/action_dispatch/middleware/debug_exceptions.rb:65:in `call'
web-console (3.7.0) lib/web_console/middleware.rb:135:in `call_app'
web-console (3.7.0) lib/web_console/middleware.rb:30:in `block in call'
web-console (3.7.0) lib/web_console/middleware.rb:20:in `catch'
web-console (3.7.0) lib/web_console/middleware.rb:20:in `call'
actionpack (5.2.3) lib/action_dispatch/middleware/show_exceptions.rb:33:in `call'
railties (5.2.3) lib/rails/rack/logger.rb:38:in `call_app'
railties (5.2.3) lib/rails/rack/logger.rb:26:in `block in call'
activesupport (5.2.3) lib/active_support/tagged_logging.rb:71:in `block in tagged'
activesupport (5.2.3) lib/active_support/tagged_logging.rb:28:in `tagged'
activesupport (5.2.3) lib/active_support/tagged_logging.rb:71:in `tagged'
railties (5.2.3) lib/rails/rack/logger.rb:26:in `call'
sprockets-rails (3.2.1) lib/sprockets/rails/quiet_assets.rb:13:in `call'
actionpack (5.2.3) lib/action_dispatch/middleware/remote_ip.rb:81:in `call'
actionpack (5.2.3) lib/action_dispatch/middleware/request_id.rb:27:in `call'
rack (2.0.7) lib/rack/method_override.rb:22:in `call'
rack (2.0.7) lib/rack/runtime.rb:22:in `call'
activesupport (5.2.3) lib/active_support/cache/strategy/local_cache_middleware.rb:29:in `call'
actionpack (5.2.3) lib/action_dispatch/middleware/executor.rb:14:in `call'
actionpack (5.2.3) lib/action_dispatch/middleware/static.rb:127:in `call'
rack (2.0.7) lib/rack/sendfile.rb:111:in `call'
railties (5.2.3) lib/rails/engine.rb:524:in `call'
puma (3.12.1) lib/puma/configuration.rb:227:in `call'
puma (3.12.1) lib/puma/server.rb:660:in `handle_request'
puma (3.12.1) lib/puma/server.rb:474:in `process_client'
puma (3.12.1) lib/puma/server.rb:334:in `block in run'
puma (3.12.1) lib/puma/thread_pool.rb:135:in `block in spawn_thread'
Started GET "/users" for 127.0.0.1 at 2019-07-23 14:07:15 +1000
  
ActionController::RoutingError (No route matches [GET] "/users"):
  
actionpack (5.2.3) lib/action_dispatch/middleware/debug_exceptions.rb:65:in `call'
web-console (3.7.0) lib/web_console/middleware.rb:135:in `call_app'
web-console (3.7.0) lib/web_console/middleware.rb:30:in `block in call'
web-console (3.7.0) lib/web_console/middleware.rb:20:in `catch'
web-console (3.7.0) lib/web_console/middleware.rb:20:in `call'
actionpack (5.2.3) lib/action_dispatch/middleware/show_exceptions.rb:33:in `call'
railties (5.2.3) lib/rails/rack/logger.rb:38:in `call_app'
railties (5.2.3) lib/rails/rack/logger.rb:26:in `block in call'
activesupport (5.2.3) lib/active_support/tagged_logging.rb:71:in `block in tagged'
activesupport (5.2.3) lib/active_support/tagged_logging.rb:28:in `tagged'
activesupport (5.2.3) lib/active_support/tagged_logging.rb:71:in `tagged'
railties (5.2.3) lib/rails/rack/logger.rb:26:in `call'
sprockets-rails (3.2.1) lib/sprockets/rails/quiet_assets.rb:13:in `call'
actionpack (5.2.3) lib/action_dispatch/middleware/remote_ip.rb:81:in `call'
actionpack (5.2.3) lib/action_dispatch/middleware/request_id.rb:27:in `call'
rack (2.0.7) lib/rack/method_override.rb:22:in `call'
rack (2.0.7) lib/rack/runtime.rb:22:in `call'
activesupport (5.2.3) lib/active_support/cache/strategy/local_cache_middleware.rb:29:in `call'
actionpack (5.2.3) lib/action_dispatch/middleware/executor.rb:14:in `call'
actionpack (5.2.3) lib/action_dispatch/middleware/static.rb:127:in `call'
rack (2.0.7) lib/rack/sendfile.rb:111:in `call'
railties (5.2.3) lib/rails/engine.rb:524:in `call'
puma (3.12.1) lib/puma/configuration.rb:227:in `call'
puma (3.12.1) lib/puma/server.rb:660:in `handle_request'
puma (3.12.1) lib/puma/server.rb:474:in `process_client'
puma (3.12.1) lib/puma/server.rb:334:in `block in run'
puma (3.12.1) lib/puma/thread_pool.rb:135:in `block in spawn_thread'
Started GET "/users" for 127.0.0.1 at 2019-07-23 14:07:43 +1000
  [1m[35m (41.3ms)[0m  [1m[34mSELECT "schema_migrations"."version" FROM "schema_migrations" ORDER BY "schema_migrations"."version" ASC[0m
  ↳ /Users/h/.rbenv/versions/2.6.3/lib/ruby/gems/2.6.0/gems/activerecord-5.2.3/lib/active_record/log_subscriber.rb:98
  
ActionController::RoutingError (No route matches [GET] "/users"):
  
actionpack (5.2.3) lib/action_dispatch/middleware/debug_exceptions.rb:65:in `call'
web-console (3.7.0) lib/web_console/middleware.rb:135:in `call_app'
web-console (3.7.0) lib/web_console/middleware.rb:30:in `block in call'
web-console (3.7.0) lib/web_console/middleware.rb:20:in `catch'
web-console (3.7.0) lib/web_console/middleware.rb:20:in `call'
actionpack (5.2.3) lib/action_dispatch/middleware/show_exceptions.rb:33:in `call'
railties (5.2.3) lib/rails/rack/logger.rb:38:in `call_app'
railties (5.2.3) lib/rails/rack/logger.rb:26:in `block in call'
activesupport (5.2.3) lib/active_support/tagged_logging.rb:71:in `block in tagged'
activesupport (5.2.3) lib/active_support/tagged_logging.rb:28:in `tagged'
activesupport (5.2.3) lib/active_support/tagged_logging.rb:71:in `tagged'
railties (5.2.3) lib/rails/rack/logger.rb:26:in `call'
sprockets-rails (3.2.1) lib/sprockets/rails/quiet_assets.rb:13:in `call'
actionpack (5.2.3) lib/action_dispatch/middleware/remote_ip.rb:81:in `call'
actionpack (5.2.3) lib/action_dispatch/middleware/request_id.rb:27:in `call'
rack (2.0.7) lib/rack/method_override.rb:22:in `call'
rack (2.0.7) lib/rack/runtime.rb:22:in `call'
activesupport (5.2.3) lib/active_support/cache/strategy/local_cache_middleware.rb:29:in `call'
actionpack (5.2.3) lib/action_dispatch/middleware/executor.rb:14:in `call'
actionpack (5.2.3) lib/action_dispatch/middleware/static.rb:127:in `call'
rack (2.0.7) lib/rack/sendfile.rb:111:in `call'
railties (5.2.3) lib/rails/engine.rb:524:in `call'
puma (3.12.1) lib/puma/configuration.rb:227:in `call'
puma (3.12.1) lib/puma/server.rb:660:in `handle_request'
puma (3.12.1) lib/puma/server.rb:474:in `process_client'
puma (3.12.1) lib/puma/server.rb:334:in `block in run'
puma (3.12.1) lib/puma/thread_pool.rb:135:in `block in spawn_thread'
Started GET "/users" for 127.0.0.1 at 2019-07-23 14:08:22 +1000
  
ActionController::RoutingError (No route matches [GET] "/users"):
  
actionpack (5.2.3) lib/action_dispatch/middleware/debug_exceptions.rb:65:in `call'
web-console (3.7.0) lib/web_console/middleware.rb:135:in `call_app'
web-console (3.7.0) lib/web_console/middleware.rb:30:in `block in call'
web-console (3.7.0) lib/web_console/middleware.rb:20:in `catch'
web-console (3.7.0) lib/web_console/middleware.rb:20:in `call'
actionpack (5.2.3) lib/action_dispatch/middleware/show_exceptions.rb:33:in `call'
railties (5.2.3) lib/rails/rack/logger.rb:38:in `call_app'
railties (5.2.3) lib/rails/rack/logger.rb:26:in `block in call'
activesupport (5.2.3) lib/active_support/tagged_logging.rb:71:in `block in tagged'
activesupport (5.2.3) lib/active_support/tagged_logging.rb:28:in `tagged'
activesupport (5.2.3) lib/active_support/tagged_logging.rb:71:in `tagged'
railties (5.2.3) lib/rails/rack/logger.rb:26:in `call'
sprockets-rails (3.2.1) lib/sprockets/rails/quiet_assets.rb:13:in `call'
actionpack (5.2.3) lib/action_dispatch/middleware/remote_ip.rb:81:in `call'
actionpack (5.2.3) lib/action_dispatch/middleware/request_id.rb:27:in `call'
rack (2.0.7) lib/rack/method_override.rb:22:in `call'
rack (2.0.7) lib/rack/runtime.rb:22:in `call'
activesupport (5.2.3) lib/active_support/cache/strategy/local_cache_middleware.rb:29:in `call'
actionpack (5.2.3) lib/action_dispatch/middleware/executor.rb:14:in `call'
actionpack (5.2.3) lib/action_dispatch/middleware/static.rb:127:in `call'
rack (2.0.7) lib/rack/sendfile.rb:111:in `call'
railties (5.2.3) lib/rails/engine.rb:524:in `call'
puma (3.12.1) lib/puma/configuration.rb:227:in `call'
puma (3.12.1) lib/puma/server.rb:660:in `handle_request'
puma (3.12.1) lib/puma/server.rb:474:in `process_client'
puma (3.12.1) lib/puma/server.rb:334:in `block in run'
puma (3.12.1) lib/puma/thread_pool.rb:135:in `block in spawn_thread'
Started GET "/users" for 127.0.0.1 at 2019-07-23 14:08:35 +1000
  
ActionController::RoutingError (No route matches [GET] "/users"):
  
actionpack (5.2.3) lib/action_dispatch/middleware/debug_exceptions.rb:65:in `call'
web-console (3.7.0) lib/web_console/middleware.rb:135:in `call_app'
web-console (3.7.0) lib/web_console/middleware.rb:30:in `block in call'
web-console (3.7.0) lib/web_console/middleware.rb:20:in `catch'
web-console (3.7.0) lib/web_console/middleware.rb:20:in `call'
actionpack (5.2.3) lib/action_dispatch/middleware/show_exceptions.rb:33:in `call'
railties (5.2.3) lib/rails/rack/logger.rb:38:in `call_app'
railties (5.2.3) lib/rails/rack/logger.rb:26:in `block in call'
activesupport (5.2.3) lib/active_support/tagged_logging.rb:71:in `block in tagged'
activesupport (5.2.3) lib/active_support/tagged_logging.rb:28:in `tagged'
activesupport (5.2.3) lib/active_support/tagged_logging.rb:71:in `tagged'
railties (5.2.3) lib/rails/rack/logger.rb:26:in `call'
sprockets-rails (3.2.1) lib/sprockets/rails/quiet_assets.rb:13:in `call'
actionpack (5.2.3) lib/action_dispatch/middleware/remote_ip.rb:81:in `call'
actionpack (5.2.3) lib/action_dispatch/middleware/request_id.rb:27:in `call'
rack (2.0.7) lib/rack/method_override.rb:22:in `call'
rack (2.0.7) lib/rack/runtime.rb:22:in `call'
activesupport (5.2.3) lib/active_support/cache/strategy/local_cache_middleware.rb:29:in `call'
actionpack (5.2.3) lib/action_dispatch/middleware/executor.rb:14:in `call'
actionpack (5.2.3) lib/action_dispatch/middleware/static.rb:127:in `call'
rack (2.0.7) lib/rack/sendfile.rb:111:in `call'
railties (5.2.3) lib/rails/engine.rb:524:in `call'
puma (3.12.1) lib/puma/configuration.rb:227:in `call'
puma (3.12.1) lib/puma/server.rb:660:in `handle_request'
puma (3.12.1) lib/puma/server.rb:474:in `process_client'
puma (3.12.1) lib/puma/server.rb:334:in `block in run'
puma (3.12.1) lib/puma/thread_pool.rb:135:in `block in spawn_thread'
Started GET "/users" for 127.0.0.1 at 2019-07-23 14:08:44 +1000
  
ActionController::RoutingError (No route matches [GET] "/users"):
  
actionpack (5.2.3) lib/action_dispatch/middleware/debug_exceptions.rb:65:in `call'
web-console (3.7.0) lib/web_console/middleware.rb:135:in `call_app'
web-console (3.7.0) lib/web_console/middleware.rb:30:in `block in call'
web-console (3.7.0) lib/web_console/middleware.rb:20:in `catch'
web-console (3.7.0) lib/web_console/middleware.rb:20:in `call'
actionpack (5.2.3) lib/action_dispatch/middleware/show_exceptions.rb:33:in `call'
railties (5.2.3) lib/rails/rack/logger.rb:38:in `call_app'
railties (5.2.3) lib/rails/rack/logger.rb:26:in `block in call'
activesupport (5.2.3) lib/active_support/tagged_logging.rb:71:in `block in tagged'
activesupport (5.2.3) lib/active_support/tagged_logging.rb:28:in `tagged'
activesupport (5.2.3) lib/active_support/tagged_logging.rb:71:in `tagged'
railties (5.2.3) lib/rails/rack/logger.rb:26:in `call'
sprockets-rails (3.2.1) lib/sprockets/rails/quiet_assets.rb:13:in `call'
actionpack (5.2.3) lib/action_dispatch/middleware/remote_ip.rb:81:in `call'
actionpack (5.2.3) lib/action_dispatch/middleware/request_id.rb:27:in `call'
rack (2.0.7) lib/rack/method_override.rb:22:in `call'
rack (2.0.7) lib/rack/runtime.rb:22:in `call'
activesupport (5.2.3) lib/active_support/cache/strategy/local_cache_middleware.rb:29:in `call'
actionpack (5.2.3) lib/action_dispatch/middleware/executor.rb:14:in `call'
actionpack (5.2.3) lib/action_dispatch/middleware/static.rb:127:in `call'
rack (2.0.7) lib/rack/sendfile.rb:111:in `call'
railties (5.2.3) lib/rails/engine.rb:524:in `call'
puma (3.12.1) lib/puma/configuration.rb:227:in `call'
puma (3.12.1) lib/puma/server.rb:660:in `handle_request'
puma (3.12.1) lib/puma/server.rb:474:in `process_client'
puma (3.12.1) lib/puma/server.rb:334:in `block in run'
puma (3.12.1) lib/puma/thread_pool.rb:135:in `block in spawn_thread'
Started GET "/" for 127.0.0.1 at 2019-07-23 14:09:31 +1000
Processing by AppController#index as HTML
  [1m[36mListing Load (1.4ms)[0m  [1m[34mSELECT  "listings".* FROM "listings" ORDER BY "listings"."id" DESC LIMIT $1[0m  [["LIMIT", 6]]
  ↳ app/controllers/app_controller.rb:3
  Rendering app/index.html.erb within layouts/application
  Rendered app/index.html.erb within layouts/application (1.2ms)
  Rendered shared/_nav.html.erb (448.4ms)
Completed 500 Internal Server Error in 713ms (ActiveRecord: 7.0ms)


  
ActionView::Template::Error (undefined local variable or method `root' for #<#<Class:0x00007f99dccc7900>:0x00007f99dccc5ee8>):
     9:    </p>
    10:  <% end %>
    11: 
    12: <%= link_to  "Home", root %>
    13: 
    14: </section>
  
app/views/shared/_nav.html.erb:12:in `_app_views_shared__nav_html_erb___263182697532029404_70149413766960'
app/views/layouts/application.html.erb:13:in `_app_views_layouts_application_html_erb___138343897175853399_70149372661500'
Started GET "/" for 127.0.0.1 at 2019-07-23 14:09:48 +1000
Processing by AppController#index as HTML
  [1m[36mListing Load (0.4ms)[0m  [1m[34mSELECT  "listings".* FROM "listings" ORDER BY "listings"."id" DESC LIMIT $1[0m  [["LIMIT", 6]]
  ↳ app/controllers/app_controller.rb:3
  Rendering app/index.html.erb within layouts/application
  Rendered app/index.html.erb within layouts/application (10.0ms)
  Rendered shared/_nav.html.erb (7.4ms)
Completed 200 OK in 59ms (Views: 56.9ms | ActiveRecord: 0.4ms)


Started GET "/" for 127.0.0.1 at 2019-07-23 14:09:50 +1000
Processing by AppController#index as HTML
  [1m[36mListing Load (0.5ms)[0m  [1m[34mSELECT  "listings".* FROM "listings" ORDER BY "listings"."id" DESC LIMIT $1[0m  [["LIMIT", 6]]
  ↳ app/controllers/app_controller.rb:3
  Rendering app/index.html.erb within layouts/application
  Rendered app/index.html.erb within layouts/application (1.1ms)
  Rendered shared/_nav.html.erb (0.9ms)
Completed 200 OK in 41ms (Views: 36.6ms | ActiveRecord: 0.8ms)


Started GET "/users/sign_up" for 127.0.0.1 at 2019-07-23 14:09:51 +1000
Processing by Devise::RegistrationsController#new as HTML
  Rendering devise/registrations/new.html.erb within layouts/application
  Rendered devise/shared/_error_messages.html.erb (0.5ms)
  Rendered devise/shared/_links.html.erb (1.3ms)
  Rendered devise/registrations/new.html.erb within layouts/application (22.0ms)
  Rendered shared/_nav.html.erb (1.2ms)
Completed 200 OK in 75ms (Views: 47.6ms | ActiveRecord: 12.9ms)


Started GET "/" for 127.0.0.1 at 2019-07-23 14:09:52 +1000
Processing by AppController#index as HTML
  [1m[36mListing Load (0.4ms)[0m  [1m[34mSELECT  "listings".* FROM "listings" ORDER BY "listings"."id" DESC LIMIT $1[0m  [["LIMIT", 6]]
  ↳ app/controllers/app_controller.rb:3
  Rendering app/index.html.erb within layouts/application
  Rendered app/index.html.erb within layouts/application (1.7ms)
  Rendered shared/_nav.html.erb (1.2ms)
Completed 200 OK in 33ms (Views: 30.2ms | ActiveRecord: 0.4ms)


Started GET "/users/sign_up" for 127.0.0.1 at 2019-07-23 14:09:53 +1000
Processing by Devise::RegistrationsController#new as HTML
  Rendering devise/registrations/new.html.erb within layouts/application
  Rendered devise/shared/_error_messages.html.erb (5.4ms)
  Rendered devise/shared/_links.html.erb (3.1ms)
  Rendered devise/registrations/new.html.erb within layouts/application (17.2ms)
  Rendered shared/_nav.html.erb (8.6ms)
Completed 200 OK in 77ms (Views: 75.4ms | ActiveRecord: 0.0ms)


Started GET "/" for 127.0.0.1 at 2019-07-23 14:09:54 +1000
Processing by AppController#index as HTML
  [1m[36mListing Load (0.5ms)[0m  [1m[34mSELECT  "listings".* FROM "listings" ORDER BY "listings"."id" DESC LIMIT $1[0m  [["LIMIT", 6]]
  ↳ app/controllers/app_controller.rb:3
  Rendering app/index.html.erb within layouts/application
  Rendered app/index.html.erb within layouts/application (9.3ms)
  Rendered shared/_nav.html.erb (0.7ms)
Completed 200 OK in 51ms (Views: 41.4ms | ActiveRecord: 0.5ms)


Started GET "/" for 127.0.0.1 at 2019-07-23 14:10:14 +1000
Processing by AppController#index as HTML
  [1m[36mListing Load (0.5ms)[0m  [1m[34mSELECT  "listings".* FROM "listings" ORDER BY "listings"."id" DESC LIMIT $1[0m  [["LIMIT", 6]]
  ↳ app/controllers/app_controller.rb:3
  Rendering app/index.html.erb within layouts/application
  Rendered app/index.html.erb within layouts/application (1.5ms)
  Rendered shared/_nav.html.erb (0.7ms)
Completed 200 OK in 63ms (Views: 58.8ms | ActiveRecord: 0.5ms)


Started GET "/users/sign_up" for 127.0.0.1 at 2019-07-23 14:10:18 +1000
Processing by Devise::RegistrationsController#new as HTML
  Rendering devise/registrations/new.html.erb within layouts/application
  Rendered devise/shared/_error_messages.html.erb (0.5ms)
  Rendered devise/shared/_links.html.erb (1.0ms)
  Rendered devise/registrations/new.html.erb within layouts/application (5.7ms)
  Rendered shared/_nav.html.erb (0.7ms)
Completed 200 OK in 87ms (Views: 76.1ms | ActiveRecord: 0.0ms)


Started GET "/users/sign_in" for 127.0.0.1 at 2019-07-23 14:10:19 +1000
Processing by Devise::SessionsController#new as HTML
  Rendering devise/sessions/new.html.erb within layouts/application
  Rendered devise/shared/_links.html.erb (1.2ms)
  Rendered devise/sessions/new.html.erb within layouts/application (8.1ms)
  Rendered shared/_nav.html.erb (0.6ms)
Completed 200 OK in 25ms (Views: 24.1ms | ActiveRecord: 0.0ms)


Started GET "/users/sign_up" for 127.0.0.1 at 2019-07-23 14:10:21 +1000
Processing by Devise::RegistrationsController#new as HTML
  Rendering devise/registrations/new.html.erb within layouts/application
  Rendered devise/shared/_error_messages.html.erb (1.2ms)
  Rendered devise/shared/_links.html.erb (0.8ms)
  Rendered devise/registrations/new.html.erb within layouts/application (18.5ms)
  Rendered shared/_nav.html.erb (1.3ms)
Completed 200 OK in 58ms (Views: 57.4ms | ActiveRecord: 0.0ms)


Started GET "/" for 127.0.0.1 at 2019-07-23 14:10:22 +1000
Processing by AppController#index as HTML
  [1m[36mListing Load (0.6ms)[0m  [1m[34mSELECT  "listings".* FROM "listings" ORDER BY "listings"."id" DESC LIMIT $1[0m  [["LIMIT", 6]]
  ↳ app/controllers/app_controller.rb:3
  Rendering app/index.html.erb within layouts/application
  Rendered app/index.html.erb within layouts/application (6.7ms)
  Rendered shared/_nav.html.erb (1.0ms)
Completed 200 OK in 48ms (Views: 44.3ms | ActiveRecord: 0.6ms)


Started GET "/users/sign_up" for 127.0.0.1 at 2019-07-23 14:10:25 +1000
Processing by Devise::RegistrationsController#new as HTML
  Rendering devise/registrations/new.html.erb within layouts/application
  Rendered devise/shared/_error_messages.html.erb (0.8ms)
  Rendered devise/shared/_links.html.erb (1.2ms)
  Rendered devise/registrations/new.html.erb within layouts/application (9.8ms)
  Rendered shared/_nav.html.erb (0.9ms)
Completed 200 OK in 66ms (Views: 60.8ms | ActiveRecord: 0.0ms)


Started GET "/users/sign_in" for 127.0.0.1 at 2019-07-23 14:10:27 +1000
Processing by Devise::SessionsController#new as HTML
  Rendering devise/sessions/new.html.erb within layouts/application
  Rendered devise/shared/_links.html.erb (1.4ms)
  Rendered devise/sessions/new.html.erb within layouts/application (8.1ms)
  Rendered shared/_nav.html.erb (1.9ms)
Completed 200 OK in 60ms (Views: 58.6ms | ActiveRecord: 0.0ms)


Started GET "/" for 127.0.0.1 at 2019-07-23 14:10:29 +1000
Processing by AppController#index as HTML
  [1m[36mListing Load (0.7ms)[0m  [1m[34mSELECT  "listings".* FROM "listings" ORDER BY "listings"."id" DESC LIMIT $1[0m  [["LIMIT", 6]]
  ↳ app/controllers/app_controller.rb:3
  Rendering app/index.html.erb within layouts/application
  Rendered app/index.html.erb within layouts/application (2.1ms)
  Rendered shared/_nav.html.erb (0.7ms)
Completed 200 OK in 45ms (Views: 42.2ms | ActiveRecord: 0.7ms)


Started GET "/" for 127.0.0.1 at 2019-07-23 14:11:32 +1000
Processing by AppController#index as HTML
  [1m[36mListing Load (0.3ms)[0m  [1m[34mSELECT  "listings".* FROM "listings" ORDER BY "listings"."id" DESC LIMIT $1[0m  [["LIMIT", 6]]
  ↳ app/controllers/app_controller.rb:3
  Rendering app/index.html.erb within layouts/application
  Rendered app/index.html.erb within layouts/application (2.9ms)
  Rendered shared/_nav.html.erb (2.7ms)
Completed 200 OK in 48ms (Views: 22.8ms | ActiveRecord: 6.6ms)


Started GET "/" for 127.0.0.1 at 2019-07-23 14:20:23 +1000
  [1m[35m (0.6ms)[0m  [1m[34mSELECT "schema_migrations"."version" FROM "schema_migrations" ORDER BY "schema_migrations"."version" ASC[0m
  ↳ /Users/h/.rbenv/versions/2.6.3/lib/ruby/gems/2.6.0/gems/activerecord-5.2.3/lib/active_record/log_subscriber.rb:98
Processing by AppController#index as HTML
  [1m[36mListing Load (0.5ms)[0m  [1m[34mSELECT  "listings".* FROM "listings" ORDER BY "listings"."id" DESC LIMIT $1[0m  [["LIMIT", 6]]
  ↳ app/controllers/app_controller.rb:3
  Rendering app/index.html.erb within layouts/application
  Rendered app/index.html.erb within layouts/application (4.3ms)
  Rendered shared/_nav.html.erb (7.6ms)
Completed 200 OK in 373ms (Views: 312.9ms | ActiveRecord: 10.6ms)


Started GET "/" for 127.0.0.1 at 2019-07-23 14:31:36 +1000
Processing by AppController#index as HTML
  [1m[36mListing Load (0.6ms)[0m  [1m[34mSELECT  "listings".* FROM "listings" WHERE "listings"."alive" = $1 ORDER BY "listings"."id" DESC LIMIT $2[0m  [["alive", true], ["LIMIT", 6]]
  ↳ app/controllers/app_controller.rb:3
  Rendering app/index.html.erb within layouts/application
  Rendered app/index.html.erb within layouts/application (1.2ms)
  Rendered shared/_nav.html.erb (1.5ms)
Completed 200 OK in 56ms (Views: 21.9ms | ActiveRecord: 13.0ms)


Started GET "/" for 127.0.0.1 at 2019-07-23 14:31:58 +1000
Processing by AppController#index as HTML
  [1m[36mListing Load (0.5ms)[0m  [1m[34mSELECT  "listings".* FROM "listings" WHERE "listings"."alive" = $1 ORDER BY "listings"."id" DESC LIMIT $2[0m  [["alive", true], ["LIMIT", 6]]
  ↳ app/controllers/app_controller.rb:3
  Rendering app/index.html.erb within layouts/application
  Rendered app/index.html.erb within layouts/application (1.5ms)
  Rendered shared/_nav.html.erb (0.8ms)
Completed 200 OK in 73ms (Views: 45.0ms | ActiveRecord: 10.2ms)


Started GET "/" for 127.0.0.1 at 2019-07-23 14:32:43 +1000
Processing by AppController#index as HTML
  Rendering app/index.html.erb within layouts/application
  [1m[36mListing Load (0.7ms)[0m  [1m[34mSELECT "listings".* FROM "listings" WHERE "listings"."alive" = $1[0m  [["alive", true]]
  ↳ app/views/app/index.html.erb:2
  Rendered app/index.html.erb within layouts/application (21.0ms)
  Rendered shared/_nav.html.erb (1.1ms)
Completed 200 OK in 57ms (Views: 37.6ms | ActiveRecord: 11.2ms)


Started GET "/" for 127.0.0.1 at 2019-07-23 14:33:06 +1000
Processing by AppController#index as HTML
  Rendering app/index.html.erb within layouts/application
  [1m[36mListing Load (0.8ms)[0m  [1m[34mSELECT "listings".* FROM "listings" WHERE "listings"."alive" = $1[0m  [["alive", true]]
  ↳ app/views/app/index.html.erb:2
  Rendered app/index.html.erb within layouts/application (13.6ms)
  Rendered shared/_nav.html.erb (3.2ms)
Completed 200 OK in 46ms (Views: 38.7ms | ActiveRecord: 0.8ms)


Started GET "/" for 127.0.0.1 at 2019-07-23 14:33:12 +1000
Processing by AppController#index as HTML
  Rendering app/index.html.erb within layouts/application
  [1m[36mListing Load (0.5ms)[0m  [1m[34mSELECT "listings".* FROM "listings"[0m
  ↳ app/views/app/index.html.erb:2
  Rendered app/index.html.erb within layouts/application (14.8ms)
  Rendered shared/_nav.html.erb (1.9ms)
Completed 200 OK in 48ms (Views: 44.3ms | ActiveRecord: 0.5ms)


Started GET "/" for 127.0.0.1 at 2019-07-23 14:33:14 +1000
Processing by AppController#index as HTML
  Rendering app/index.html.erb within layouts/application
  [1m[36mListing Load (0.4ms)[0m  [1m[34mSELECT "listings".* FROM "listings"[0m
  ↳ app/views/app/index.html.erb:2
  Rendered app/index.html.erb within layouts/application (2.1ms)
  Rendered shared/_nav.html.erb (0.8ms)
Completed 200 OK in 34ms (Views: 33.1ms | ActiveRecord: 0.4ms)


  [1m[35m (0.6ms)[0m  [1m[34mSELECT "schema_migrations"."version" FROM "schema_migrations" ORDER BY "schema_migrations"."version" ASC[0m
  ↳ bin/rails:9
  [1m[36mListing Load (0.6ms)[0m  [1m[34mSELECT "listings".* FROM "listings"[0m
  ↳ db/seeds.rb:9
  [1m[35m (0.2ms)[0m  [1m[35mBEGIN[0m
  ↳ db/seeds.rb:9
  [1m[36mListing Destroy (0.5ms)[0m  [1m[31mDELETE FROM "listings" WHERE "listings"."id" = $1[0m  [["id", 8]]
  ↳ db/seeds.rb:9
  [1m[35m (41.5ms)[0m  [1m[35mCOMMIT[0m
  ↳ db/seeds.rb:9
  [1m[35m (0.3ms)[0m  [1m[35mBEGIN[0m
  ↳ db/seeds.rb:9
  [1m[36mListing Destroy (0.5ms)[0m  [1m[31mDELETE FROM "listings" WHERE "listings"."id" = $1[0m  [["id", 9]]
  ↳ db/seeds.rb:9
  [1m[35m (1.5ms)[0m  [1m[35mCOMMIT[0m
  ↳ db/seeds.rb:9
  [1m[35m (0.3ms)[0m  [1m[35mBEGIN[0m
  ↳ db/seeds.rb:9
  [1m[36mListing Destroy (0.4ms)[0m  [1m[31mDELETE FROM "listings" WHERE "listings"."id" = $1[0m  [["id", 10]]
  ↳ db/seeds.rb:9
  [1m[35m (0.5ms)[0m  [1m[35mCOMMIT[0m
  ↳ db/seeds.rb:9
  [1m[35m (0.2ms)[0m  [1m[35mBEGIN[0m
  ↳ db/seeds.rb:9
  [1m[36mListing Destroy (0.3ms)[0m  [1m[31mDELETE FROM "listings" WHERE "listings"."id" = $1[0m  [["id", 11]]
  ↳ db/seeds.rb:9
  [1m[35m (0.4ms)[0m  [1m[35mCOMMIT[0m
  ↳ db/seeds.rb:9
  [1m[35m (0.1ms)[0m  [1m[35mBEGIN[0m
  ↳ db/seeds.rb:9
  [1m[36mListing Destroy (0.5ms)[0m  [1m[31mDELETE FROM "listings" WHERE "listings"."id" = $1[0m  [["id", 12]]
  ↳ db/seeds.rb:9
  [1m[35m (0.4ms)[0m  [1m[35mCOMMIT[0m
  ↳ db/seeds.rb:9
  [1m[35m (0.2ms)[0m  [1m[35mBEGIN[0m
  ↳ db/seeds.rb:9
  [1m[36mListing Destroy (0.3ms)[0m  [1m[31mDELETE FROM "listings" WHERE "listings"."id" = $1[0m  [["id", 13]]
  ↳ db/seeds.rb:9
  [1m[35m (0.4ms)[0m  [1m[35mCOMMIT[0m
  ↳ db/seeds.rb:9
  [1m[35m (0.2ms)[0m  [1m[35mBEGIN[0m
  ↳ db/seeds.rb:12
  [1m[36mListing Create (1.0ms)[0m  [1m[32mINSERT INTO "listings" ("name", "price", "body", "alive", "category", "tag", "created_at", "updated_at") VALUES ($1, $2, $3, $4, $5, $6, $7, $8) RETURNING "id"[0m  [["name", "Test"], ["price", "299.99"], ["body", "Bunch of info about this project"], ["alive", false], ["category", "website"], ["tag", "saas"], ["created_at", "2001-04-07 00:00:00"], ["updated_at", "2019-07-23 04:33:23.750259"]]
  ↳ db/seeds.rb:12
  [1m[35m (0.4ms)[0m  [1m[35mCOMMIT[0m
  ↳ db/seeds.rb:12
  [1m[35m (0.1ms)[0m  [1m[35mBEGIN[0m
  ↳ db/seeds.rb:13
  [1m[36mListing Create (0.3ms)[0m  [1m[32mINSERT INTO "listings" ("name", "price", "body", "alive", "category", "tag", "created_at", "updated_at") VALUES ($1, $2, $3, $4, $5, $6, $7, $8) RETURNING "id"[0m  [["name", "Test2"], ["price", "299.99"], ["body", "Bunch of info about this project"], ["alive", true], ["category", "website"], ["tag", "saas"], ["created_at", "2001-04-07 00:00:00"], ["updated_at", "2019-07-23 04:33:23.753467"]]
  ↳ db/seeds.rb:13
  [1m[35m (0.3ms)[0m  [1m[35mCOMMIT[0m
  ↳ db/seeds.rb:13
  [1m[35m (0.2ms)[0m  [1m[35mBEGIN[0m
  ↳ db/seeds.rb:14
  [1m[36mListing Create (0.3ms)[0m  [1m[32mINSERT INTO "listings" ("name", "price", "body", "alive", "category", "tag", "created_at", "updated_at") VALUES ($1, $2, $3, $4, $5, $6, $7, $8) RETURNING "id"[0m  [["name", "Test3"], ["price", "299.99"], ["body", "Bunch of info about this project"], ["alive", true], ["category", "website"], ["tag", "saas"], ["created_at", "2001-04-07 00:00:00"], ["updated_at", "2019-07-23 04:33:23.755612"]]
  ↳ db/seeds.rb:14
  [1m[35m (0.4ms)[0m  [1m[35mCOMMIT[0m
  ↳ db/seeds.rb:14
  [1m[35m (0.1ms)[0m  [1m[35mBEGIN[0m
  ↳ db/seeds.rb:15
  [1m[36mListing Create (0.3ms)[0m  [1m[32mINSERT INTO "listings" ("name", "price", "body", "alive", "category", "tag", "created_at", "updated_at") VALUES ($1, $2, $3, $4, $5, $6, $7, $8) RETURNING "id"[0m  [["name", "Test4"], ["price", "299.99"], ["body", "Bunch of info about this project"], ["alive", true], ["category", "website"], ["tag", "saas"], ["created_at", "2001-04-07 00:00:00"], ["updated_at", "2019-07-23 04:33:23.757735"]]
  ↳ db/seeds.rb:15
  [1m[35m (0.4ms)[0m  [1m[35mCOMMIT[0m
  ↳ db/seeds.rb:15
  [1m[35m (0.2ms)[0m  [1m[35mBEGIN[0m
  ↳ db/seeds.rb:16
  [1m[36mListing Create (0.3ms)[0m  [1m[32mINSERT INTO "listings" ("name", "price", "body", "alive", "category", "tag", "created_at", "updated_at") VALUES ($1, $2, $3, $4, $5, $6, $7, $8) RETURNING "id"[0m  [["name", "Test5"], ["price", "299.99"], ["body", "Bunch of info about this project"], ["alive", false], ["category", "website"], ["tag", "saas"], ["created_at", "2001-04-07 00:00:00"], ["updated_at", "2019-07-23 04:33:23.759887"]]
  ↳ db/seeds.rb:16
  [1m[35m (0.4ms)[0m  [1m[35mCOMMIT[0m
  ↳ db/seeds.rb:16
  [1m[35m (0.1ms)[0m  [1m[35mBEGIN[0m
  ↳ db/seeds.rb:17
  [1m[36mListing Create (0.4ms)[0m  [1m[32mINSERT INTO "listings" ("name", "price", "body", "alive", "category", "tag", "created_at", "updated_at") VALUES ($1, $2, $3, $4, $5, $6, $7, $8) RETURNING "id"[0m  [["name", "Test6"], ["price", "299.99"], ["body", "Bunch of info about this project"], ["alive", true], ["category", "website"], ["tag", "saas"], ["created_at", "2001-04-07 00:00:00"], ["updated_at", "2019-07-23 04:33:23.761947"]]
  ↳ db/seeds.rb:17
  [1m[35m (0.4ms)[0m  [1m[35mCOMMIT[0m
  ↳ db/seeds.rb:17
  [1m[35m (0.2ms)[0m  [1m[35mBEGIN[0m
  ↳ db/seeds.rb:18
  [1m[36mListing Create (0.3ms)[0m  [1m[32mINSERT INTO "listings" ("name", "price", "body", "alive", "category", "tag", "created_at", "updated_at") VALUES ($1, $2, $3, $4, $5, $6, $7, $8) RETURNING "id"[0m  [["name", "Test7"], ["price", "299.99"], ["body", "Bunch of info about this project"], ["alive", false], ["category", "website"], ["tag", "saas"], ["created_at", "2001-04-07 00:00:00"], ["updated_at", "2019-07-23 04:33:23.764171"]]
  ↳ db/seeds.rb:18
  [1m[35m (0.4ms)[0m  [1m[35mCOMMIT[0m
  ↳ db/seeds.rb:18
  [1m[35m (0.1ms)[0m  [1m[35mBEGIN[0m
  ↳ db/seeds.rb:19
  [1m[36mListing Create (0.4ms)[0m  [1m[32mINSERT INTO "listings" ("name", "price", "body", "alive", "category", "tag", "created_at", "updated_at") VALUES ($1, $2, $3, $4, $5, $6, $7, $8) RETURNING "id"[0m  [["name", "Test8"], ["price", "299.99"], ["body", "Bunch of info about this project"], ["alive", true], ["category", "website"], ["tag", "saas"], ["created_at", "2001-04-07 00:00:00"], ["updated_at", "2019-07-23 04:33:23.766297"]]
  ↳ db/seeds.rb:19
  [1m[35m (0.4ms)[0m  [1m[35mCOMMIT[0m
  ↳ db/seeds.rb:19
  [1m[35m (0.2ms)[0m  [1m[35mBEGIN[0m
  ↳ db/seeds.rb:20
  [1m[36mListing Create (0.3ms)[0m  [1m[32mINSERT INTO "listings" ("name", "price", "body", "alive", "category", "tag", "created_at", "updated_at") VALUES ($1, $2, $3, $4, $5, $6, $7, $8) RETURNING "id"[0m  [["name", "Test9"], ["price", "299.99"], ["body", "Bunch of info about this project"], ["alive", true], ["category", "website"], ["tag", "saas"], ["created_at", "2001-04-07 00:00:00"], ["updated_at", "2019-07-23 04:33:23.768563"]]
  ↳ db/seeds.rb:20
  [1m[35m (0.3ms)[0m  [1m[35mCOMMIT[0m
  ↳ db/seeds.rb:20
  [1m[35m (0.1ms)[0m  [1m[35mBEGIN[0m
  ↳ db/seeds.rb:21
  [1m[36mListing Create (0.3ms)[0m  [1m[32mINSERT INTO "listings" ("name", "price", "body", "alive", "category", "tag", "created_at", "updated_at") VALUES ($1, $2, $3, $4, $5, $6, $7, $8) RETURNING "id"[0m  [["name", "Test10"], ["price", "299.99"], ["body", "Bunch of info about this project"], ["alive", false], ["category", "website"], ["tag", "saas"], ["created_at", "2001-04-07 00:00:00"], ["updated_at", "2019-07-23 04:33:23.770567"]]
  ↳ db/seeds.rb:21
  [1m[35m (0.4ms)[0m  [1m[35mCOMMIT[0m
  ↳ db/seeds.rb:21
  [1m[35m (0.1ms)[0m  [1m[35mBEGIN[0m
  ↳ db/seeds.rb:22
  [1m[36mListing Create (1.0ms)[0m  [1m[32mINSERT INTO "listings" ("name", "price", "body", "alive", "category", "tag", "created_at", "updated_at") VALUES ($1, $2, $3, $4, $5, $6, $7, $8) RETURNING "id"[0m  [["name", "Test11"], ["price", "299.99"], ["body", "Bunch of info about this project"], ["alive", false], ["category", "website"], ["tag", "saas"], ["created_at", "2001-04-07 00:00:00"], ["updated_at", "2019-07-23 04:33:23.772619"]]
  ↳ db/seeds.rb:22
  [1m[35m (0.3ms)[0m  [1m[35mCOMMIT[0m
  ↳ db/seeds.rb:22
  [1m[35m (0.2ms)[0m  [1m[35mBEGIN[0m
  ↳ db/seeds.rb:23
  [1m[36mListing Create (0.3ms)[0m  [1m[32mINSERT INTO "listings" ("name", "price", "body", "alive", "category", "tag", "created_at", "updated_at") VALUES ($1, $2, $3, $4, $5, $6, $7, $8) RETURNING "id"[0m  [["name", "Test12"], ["price", "299.99"], ["body", "Bunch of info about this project"], ["alive", true], ["category", "website"], ["tag", "saas"], ["created_at", "2001-04-07 00:00:00"], ["updated_at", "2019-07-23 04:33:23.775421"]]
  ↳ db/seeds.rb:23
  [1m[35m (0.4ms)[0m  [1m[35mCOMMIT[0m
  ↳ db/seeds.rb:23
Started GET "/" for 127.0.0.1 at 2019-07-23 14:34:01 +1000
  [1m[35m (1.0ms)[0m  [1m[34mSELECT "schema_migrations"."version" FROM "schema_migrations" ORDER BY "schema_migrations"."version" ASC[0m
  ↳ /Users/h/.rbenv/versions/2.6.3/lib/ruby/gems/2.6.0/gems/activerecord-5.2.3/lib/active_record/log_subscriber.rb:98
Processing by AppController#index as HTML
  Rendering app/index.html.erb within layouts/application
  [1m[36mListing Load (0.8ms)[0m  [1m[34mSELECT "listings".* FROM "listings"[0m
  ↳ app/views/app/index.html.erb:2
  Rendered app/index.html.erb within layouts/application (42.7ms)
  Rendered shared/_nav.html.erb (7.5ms)
Completed 200 OK in 364ms (Views: 336.2ms | ActiveRecord: 7.2ms)


Started GET "/" for 127.0.0.1 at 2019-07-23 14:34:10 +1000
Processing by AppController#index as HTML
  Rendering app/index.html.erb within layouts/application
  [1m[36mListing Load (3.5ms)[0m  [1m[34mSELECT "listings".* FROM "listings" WHERE "listings"."alive" = $1[0m  [["alive", true]]
  ↳ app/views/app/index.html.erb:2
  Rendered app/index.html.erb within layouts/application (23.4ms)
  Rendered shared/_nav.html.erb (1.3ms)
Completed 200 OK in 67ms (Views: 47.4ms | ActiveRecord: 14.5ms)


Started GET "/" for 127.0.0.1 at 2019-07-23 14:34:22 +1000
Processing by AppController#index as HTML
  [1m[36mListing Load (0.3ms)[0m  [1m[34mSELECT  "listings".* FROM "listings" WHERE "listings"."alive" = $1 ORDER BY "listings"."id" DESC LIMIT $2[0m  [["alive", true], ["LIMIT", 6]]
  ↳ app/controllers/app_controller.rb:3
  Rendering app/index.html.erb within layouts/application
  Rendered app/index.html.erb within layouts/application (1.7ms)
  Rendered shared/_nav.html.erb (2.1ms)
Completed 200 OK in 55ms (Views: 35.8ms | ActiveRecord: 0.3ms)


Started GET "/" for 127.0.0.1 at 2019-07-23 14:36:00 +1000
Processing by AppController#index as HTML
  [1m[36mListing Load (1.8ms)[0m  [1m[34mSELECT  "listings".* FROM "listings" WHERE "listings"."alive" = $1 ORDER BY "listings"."id" DESC LIMIT $2[0m  [["alive", true], ["LIMIT", 6]]
  ↳ app/controllers/app_controller.rb:3
  Rendering app/index.html.erb within layouts/application
  Rendered app/index.html.erb within layouts/application (3.5ms)
  Rendered shared/_nav.html.erb (1.3ms)
Completed 200 OK in 54ms (Views: 39.5ms | ActiveRecord: 6.5ms)


Started GET "/" for 127.0.0.1 at 2019-07-23 14:36:07 +1000
Processing by AppController#index as HTML
  [1m[36mListing Load (4.8ms)[0m  [1m[34mSELECT  "listings".* FROM "listings" WHERE "listings"."alive" = $1 ORDER BY "listings"."id" DESC LIMIT $2[0m  [["alive", true], ["LIMIT", 6]]
  ↳ app/controllers/app_controller.rb:3
  Rendering app/index.html.erb within layouts/application
  Rendered app/index.html.erb within layouts/application (3.0ms)
  Rendered shared/_nav.html.erb (0.8ms)
Completed 200 OK in 39ms (Views: 31.2ms | ActiveRecord: 4.8ms)


  [1m[35m (1.1ms)[0m  [1m[34mSELECT "schema_migrations"."version" FROM "schema_migrations" ORDER BY "schema_migrations"."version" ASC[0m
  ↳ bin/rails:9
  [1m[36mListing Load (1.1ms)[0m  [1m[34mSELECT "listings".* FROM "listings"[0m
  ↳ db/seeds.rb:9
  [1m[35m (4.4ms)[0m  [1m[35mBEGIN[0m
  ↳ db/seeds.rb:9
  [1m[36mListing Destroy (0.9ms)[0m  [1m[31mDELETE FROM "listings" WHERE "listings"."id" = $1[0m  [["id", 14]]
  ↳ db/seeds.rb:9
  [1m[35m (73.8ms)[0m  [1m[35mCOMMIT[0m
  ↳ db/seeds.rb:9
  [1m[35m (0.3ms)[0m  [1m[35mBEGIN[0m
  ↳ db/seeds.rb:9
  [1m[36mListing Destroy (0.4ms)[0m  [1m[31mDELETE FROM "listings" WHERE "listings"."id" = $1[0m  [["id", 15]]
  ↳ db/seeds.rb:9
  [1m[35m (37.8ms)[0m  [1m[35mCOMMIT[0m
  ↳ db/seeds.rb:9
  [1m[35m (0.3ms)[0m  [1m[35mBEGIN[0m
  ↳ db/seeds.rb:9
  [1m[36mListing Destroy (0.5ms)[0m  [1m[31mDELETE FROM "listings" WHERE "listings"."id" = $1[0m  [["id", 16]]
  ↳ db/seeds.rb:9
  [1m[35m (0.6ms)[0m  [1m[35mCOMMIT[0m
  ↳ db/seeds.rb:9
  [1m[35m (0.2ms)[0m  [1m[35mBEGIN[0m
  ↳ db/seeds.rb:9
  [1m[36mListing Destroy (0.4ms)[0m  [1m[31mDELETE FROM "listings" WHERE "listings"."id" = $1[0m  [["id", 17]]
  ↳ db/seeds.rb:9
  [1m[35m (0.6ms)[0m  [1m[35mCOMMIT[0m
  ↳ db/seeds.rb:9
  [1m[35m (0.4ms)[0m  [1m[35mBEGIN[0m
  ↳ db/seeds.rb:9
  [1m[36mListing Destroy (3.4ms)[0m  [1m[31mDELETE FROM "listings" WHERE "listings"."id" = $1[0m  [["id", 18]]
  ↳ db/seeds.rb:9
  [1m[35m (2.7ms)[0m  [1m[35mCOMMIT[0m
  ↳ db/seeds.rb:9
  [1m[35m (0.3ms)[0m  [1m[35mBEGIN[0m
  ↳ db/seeds.rb:9
  [1m[36mListing Destroy (0.5ms)[0m  [1m[31mDELETE FROM "listings" WHERE "listings"."id" = $1[0m  [["id", 19]]
  ↳ db/seeds.rb:9
  [1m[35m (0.6ms)[0m  [1m[35mCOMMIT[0m
  ↳ db/seeds.rb:9
  [1m[35m (0.4ms)[0m  [1m[35mBEGIN[0m
  ↳ db/seeds.rb:9
  [1m[36mListing Destroy (0.5ms)[0m  [1m[31mDELETE FROM "listings" WHERE "listings"."id" = $1[0m  [["id", 20]]
  ↳ db/seeds.rb:9
  [1m[35m (0.5ms)[0m  [1m[35mCOMMIT[0m
  ↳ db/seeds.rb:9
  [1m[35m (0.2ms)[0m  [1m[35mBEGIN[0m
  ↳ db/seeds.rb:9
  [1m[36mListing Destroy (0.4ms)[0m  [1m[31mDELETE FROM "listings" WHERE "listings"."id" = $1[0m  [["id", 21]]
  ↳ db/seeds.rb:9
  [1m[35m (0.5ms)[0m  [1m[35mCOMMIT[0m
  ↳ db/seeds.rb:9
  [1m[35m (0.2ms)[0m  [1m[35mBEGIN[0m
  ↳ db/seeds.rb:9
  [1m[36mListing Destroy (0.3ms)[0m  [1m[31mDELETE FROM "listings" WHERE "listings"."id" = $1[0m  [["id", 22]]
  ↳ db/seeds.rb:9
  [1m[35m (0.4ms)[0m  [1m[35mCOMMIT[0m
  ↳ db/seeds.rb:9
  [1m[35m (0.2ms)[0m  [1m[35mBEGIN[0m
  ↳ db/seeds.rb:9
  [1m[36mListing Destroy (0.3ms)[0m  [1m[31mDELETE FROM "listings" WHERE "listings"."id" = $1[0m  [["id", 23]]
  ↳ db/seeds.rb:9
  [1m[35m (0.4ms)[0m  [1m[35mCOMMIT[0m
  ↳ db/seeds.rb:9
  [1m[35m (0.2ms)[0m  [1m[35mBEGIN[0m
  ↳ db/seeds.rb:9
  [1m[36mListing Destroy (0.4ms)[0m  [1m[31mDELETE FROM "listings" WHERE "listings"."id" = $1[0m  [["id", 24]]
  ↳ db/seeds.rb:9
  [1m[35m (0.4ms)[0m  [1m[35mCOMMIT[0m
  ↳ db/seeds.rb:9
  [1m[35m (0.2ms)[0m  [1m[35mBEGIN[0m
  ↳ db/seeds.rb:9
  [1m[36mListing Destroy (0.3ms)[0m  [1m[31mDELETE FROM "listings" WHERE "listings"."id" = $1[0m  [["id", 25]]
  ↳ db/seeds.rb:9
  [1m[35m (0.4ms)[0m  [1m[35mCOMMIT[0m
  ↳ db/seeds.rb:9
  [1m[35m (0.2ms)[0m  [1m[35mBEGIN[0m
  ↳ db/seeds.rb:12
  [1m[36mListing Create (0.5ms)[0m  [1m[32mINSERT INTO "listings" ("name", "price", "body", "alive", "category", "tag", "created_at", "updated_at") VALUES ($1, $2, $3, $4, $5, $6, $7, $8) RETURNING "id"[0m  [["name", "Test"], ["price", "299.99"], ["body", "Bunch of info about this project"], ["alive", false], ["category", "website"], ["tag", "saas"], ["created_at", "2001-04-07 00:00:00"], ["updated_at", "2019-07-23 04:36:07.632002"]]
  ↳ db/seeds.rb:12
  [1m[35m (0.4ms)[0m  [1m[35mCOMMIT[0m
  ↳ db/seeds.rb:12
  [1m[35m (0.2ms)[0m  [1m[35mBEGIN[0m
  ↳ db/seeds.rb:13
  [1m[36mListing Create (0.5ms)[0m  [1m[32mINSERT INTO "listings" ("name", "price", "body", "alive", "category", "tag", "created_at", "updated_at") VALUES ($1, $2, $3, $4, $5, $6, $7, $8) RETURNING "id"[0m  [["name", "Test2"], ["price", "399.99"], ["body", "Bunch of info about this project"], ["alive", true], ["category", "app"], ["tag", "saas"], ["created_at", "2001-04-07 00:00:00"], ["updated_at", "2019-07-23 04:36:07.635089"]]
  ↳ db/seeds.rb:13
  [1m[35m (0.4ms)[0m  [1m[35mCOMMIT[0m
  ↳ db/seeds.rb:13
  [1m[35m (0.2ms)[0m  [1m[35mBEGIN[0m
  ↳ db/seeds.rb:14
  [1m[36mListing Create (0.5ms)[0m  [1m[32mINSERT INTO "listings" ("name", "price", "body", "alive", "category", "tag", "created_at", "updated_at") VALUES ($1, $2, $3, $4, $5, $6, $7, $8) RETURNING "id"[0m  [["name", "Test3"], ["price", "899.99"], ["body", "Bunch of info about this project"], ["alive", true], ["category", "website"], ["tag", "saas"], ["created_at", "2001-04-07 00:00:00"], ["updated_at", "2019-07-23 04:36:07.637994"]]
  ↳ db/seeds.rb:14
  [1m[35m (0.5ms)[0m  [1m[35mCOMMIT[0m
  ↳ db/seeds.rb:14
  [1m[35m (0.2ms)[0m  [1m[35mBEGIN[0m
  ↳ db/seeds.rb:15
  [1m[36mListing Create (0.4ms)[0m  [1m[32mINSERT INTO "listings" ("name", "price", "body", "alive", "category", "tag", "created_at", "updated_at") VALUES ($1, $2, $3, $4, $5, $6, $7, $8) RETURNING "id"[0m  [["name", "Test4"], ["price", "99.99"], ["body", "Bunch of info about this project"], ["alive", true], ["category", "domain"], ["tag", "saas"], ["created_at", "2001-04-07 00:00:00"], ["updated_at", "2019-07-23 04:36:07.641235"]]
  ↳ db/seeds.rb:15
  [1m[35m (0.4ms)[0m  [1m[35mCOMMIT[0m
  ↳ db/seeds.rb:15
  [1m[35m (0.2ms)[0m  [1m[35mBEGIN[0m
  ↳ db/seeds.rb:16
  [1m[36mListing Create (0.3ms)[0m  [1m[32mINSERT INTO "listings" ("name", "price", "body", "alive", "category", "tag", "created_at", "updated_at") VALUES ($1, $2, $3, $4, $5, $6, $7, $8) RETURNING "id"[0m  [["name", "Test5"], ["price", "199.99"], ["body", "Bunch of info about this project"], ["alive", false], ["category", "website"], ["tag", "saas"], ["created_at", "2001-04-07 00:00:00"], ["updated_at", "2019-07-23 04:36:07.643648"]]
  ↳ db/seeds.rb:16
  [1m[35m (0.4ms)[0m  [1m[35mCOMMIT[0m
  ↳ db/seeds.rb:16
  [1m[35m (0.2ms)[0m  [1m[35mBEGIN[0m
  ↳ db/seeds.rb:17
  [1m[36mListing Create (0.4ms)[0m  [1m[32mINSERT INTO "listings" ("name", "price", "body", "alive", "category", "tag", "created_at", "updated_at") VALUES ($1, $2, $3, $4, $5, $6, $7, $8) RETURNING "id"[0m  [["name", "Test6"], ["price", "299.99"], ["body", "Bunch of info about this project"], ["alive", true], ["category", "app"], ["tag", "saas"], ["created_at", "2001-04-07 00:00:00"], ["updated_at", "2019-07-23 04:36:07.645950"]]
  ↳ db/seeds.rb:17
  [1m[35m (0.5ms)[0m  [1m[35mCOMMIT[0m
  ↳ db/seeds.rb:17
  [1m[35m (0.2ms)[0m  [1m[35mBEGIN[0m
  ↳ db/seeds.rb:18
  [1m[36mListing Create (0.4ms)[0m  [1m[32mINSERT INTO "listings" ("name", "price", "body", "alive", "category", "tag", "created_at", "updated_at") VALUES ($1, $2, $3, $4, $5, $6, $7, $8) RETURNING "id"[0m  [["name", "Test7"], ["price", "2329.99"], ["body", "Bunch of info about this project"], ["alive", false], ["category", "domain"], ["tag", "saas"], ["created_at", "2001-04-07 00:00:00"], ["updated_at", "2019-07-23 04:36:07.648854"]]
  ↳ db/seeds.rb:18
  [1m[35m (0.4ms)[0m  [1m[35mCOMMIT[0m
  ↳ db/seeds.rb:18
  [1m[35m (0.2ms)[0m  [1m[35mBEGIN[0m
  ↳ db/seeds.rb:19
  [1m[36mListing Create (0.5ms)[0m  [1m[32mINSERT INTO "listings" ("name", "price", "body", "alive", "category", "tag", "created_at", "updated_at") VALUES ($1, $2, $3, $4, $5, $6, $7, $8) RETURNING "id"[0m  [["name", "Test8"], ["price", "2.99"], ["body", "Bunch of info about this project"], ["alive", true], ["category", "website"], ["tag", "saas"], ["created_at", "2001-04-07 00:00:00"], ["updated_at", "2019-07-23 04:36:07.651441"]]
  ↳ db/seeds.rb:19
  [1m[35m (0.5ms)[0m  [1m[35mCOMMIT[0m
  ↳ db/seeds.rb:19
  [1m[35m (0.9ms)[0m  [1m[35mBEGIN[0m
  ↳ db/seeds.rb:20
  [1m[36mListing Create (0.5ms)[0m  [1m[32mINSERT INTO "listings" ("name", "price", "body", "alive", "category", "tag", "created_at", "updated_at") VALUES ($1, $2, $3, $4, $5, $6, $7, $8) RETURNING "id"[0m  [["name", "Test9"], ["price", "229.99"], ["body", "Bunch of info about this project"], ["alive", true], ["category", "website"], ["tag", "saas"], ["created_at", "2001-04-07 00:00:00"], ["updated_at", "2019-07-23 04:36:07.658257"]]
  ↳ db/seeds.rb:20
  [1m[35m (0.5ms)[0m  [1m[35mCOMMIT[0m
  ↳ db/seeds.rb:20
  [1m[35m (0.2ms)[0m  [1m[35mBEGIN[0m
  ↳ db/seeds.rb:21
  [1m[36mListing Create (0.7ms)[0m  [1m[32mINSERT INTO "listings" ("name", "price", "body", "alive", "category", "tag", "created_at", "updated_at") VALUES ($1, $2, $3, $4, $5, $6, $7, $8) RETURNING "id"[0m  [["name", "Test10"], ["price", "209.99"], ["body", "Bunch of info about this project"], ["alive", false], ["category", "website"], ["tag", "saas"], ["created_at", "2001-04-07 00:00:00"], ["updated_at", "2019-07-23 04:36:07.661730"]]
  ↳ db/seeds.rb:21
  [1m[35m (0.4ms)[0m  [1m[35mCOMMIT[0m
  ↳ db/seeds.rb:21
  [1m[35m (0.2ms)[0m  [1m[35mBEGIN[0m
  ↳ db/seeds.rb:22
  [1m[36mListing Create (0.4ms)[0m  [1m[32mINSERT INTO "listings" ("name", "price", "body", "alive", "category", "tag", "created_at", "updated_at") VALUES ($1, $2, $3, $4, $5, $6, $7, $8) RETURNING "id"[0m  [["name", "Test11"], ["price", "19.99"], ["body", "Bunch of info about this project"], ["alive", false], ["category", "website"], ["tag", "saas"], ["created_at", "2001-04-07 00:00:00"], ["updated_at", "2019-07-23 04:36:07.665626"]]
  ↳ db/seeds.rb:22
  [1m[35m (0.4ms)[0m  [1m[35mCOMMIT[0m
  ↳ db/seeds.rb:22
  [1m[35m (0.2ms)[0m  [1m[35mBEGIN[0m
  ↳ db/seeds.rb:23
  [1m[36mListing Create (0.4ms)[0m  [1m[32mINSERT INTO "listings" ("name", "price", "body", "alive", "category", "tag", "created_at", "updated_at") VALUES ($1, $2, $3, $4, $5, $6, $7, $8) RETURNING "id"[0m  [["name", "Test12"], ["price", "22.99"], ["body", "Bunch of info about this project"], ["alive", true], ["category", "app"], ["tag", "saas"], ["created_at", "2001-04-07 00:00:00"], ["updated_at", "2019-07-23 04:36:07.668005"]]
  ↳ db/seeds.rb:23
  [1m[35m (0.8ms)[0m  [1m[35mCOMMIT[0m
  ↳ db/seeds.rb:23
Started GET "/" for 127.0.0.1 at 2019-07-23 14:36:11 +1000
Processing by AppController#index as HTML
  [1m[36mListing Load (2.2ms)[0m  [1m[34mSELECT  "listings".* FROM "listings" WHERE "listings"."alive" = $1 ORDER BY "listings"."id" DESC LIMIT $2[0m  [["alive", true], ["LIMIT", 6]]
  ↳ app/controllers/app_controller.rb:3
  Rendering app/index.html.erb within layouts/application
  Rendered app/index.html.erb within layouts/application (17.1ms)
  Rendered shared/_nav.html.erb (4.6ms)
Completed 200 OK in 56ms (Views: 42.1ms | ActiveRecord: 3.5ms)


